<?xml version="1.0" encoding="UTF-8"?>
<!-- Generated by org.testng.reporters.JUnitXMLReporter -->
<testsuite hostname="WVLLAB-MWE-PV01" name="PIVOT Portal Automation Suite" tests="71" failures="0" timestamp="4 Feb 2017 11:45:48 GMT" time="95.696" errors="0">
  <testcase name="@BeforeTest LaunchBrowser" time="0.0" classname="launchAuto.PORTALSuite">
    <failure type="java.lang.NullPointerException">
      <![CDATA[java.lang.NullPointerException
	at pivotModules.PivotSignInOut.enterUsername(PivotSignInOut.java:135)
	at pivotModules.PivotSignInOut.loginAs(PivotSignInOut.java:122)
	at launchAuto.Initialization.LaunchBrowser(Initialization.java:251)
	at java.util.concurrent.FutureTask.run(Unknown Source)
	at java.util.concurrent.ThreadPoolExecutor.runWorker(Unknown Source)
	at java.util.concurrent.ThreadPoolExecutor$Worker.run(Unknown Source)
	at java.lang.Thread.run(Unknown Source)
... Removed 14 stack frames]]>
    </failure>
  </testcase> <!-- @BeforeTest LaunchBrowser -->
  <testcase name="@BeforeMethod ControlTest" time="0.0" classname="launchAuto.PORTALSuite">
    <skipped/>
  </testcase> <!-- @BeforeMethod ControlTest -->
  <testcase name="@AfterMethod Screenshot" time="0.0" classname="launchAuto.PORTALSuite">
    <skipped/>
  </testcase> <!-- @AfterMethod Screenshot -->
  <testcase name="@BeforeMethod ControlTest" time="0.0" classname="launchAuto.PORTALSuite">
    <skipped/>
  </testcase> <!-- @BeforeMethod ControlTest -->
  <testcase name="@AfterMethod Screenshot" time="0.0" classname="launchAuto.PORTALSuite">
    <skipped/>
  </testcase> <!-- @AfterMethod Screenshot -->
  <testcase name="@BeforeMethod ControlTest" time="0.0" classname="launchAuto.PORTALSuite">
    <skipped/>
  </testcase> <!-- @BeforeMethod ControlTest -->
  <testcase name="@AfterMethod Screenshot" time="0.0" classname="launchAuto.PORTALSuite">
    <skipped/>
  </testcase> <!-- @AfterMethod Screenshot -->
  <testcase name="@BeforeMethod ControlTest" time="0.0" classname="launchAuto.PORTALSuite">
    <skipped/>
  </testcase> <!-- @BeforeMethod ControlTest -->
  <testcase name="@AfterMethod Screenshot" time="0.0" classname="launchAuto.PORTALSuite">
    <skipped/>
  </testcase> <!-- @AfterMethod Screenshot -->
  <testcase name="@BeforeMethod ControlTest" time="0.0" classname="launchAuto.PORTALSuite">
    <skipped/>
  </testcase> <!-- @BeforeMethod ControlTest -->
  <testcase name="@AfterMethod Screenshot" time="0.0" classname="launchAuto.PORTALSuite">
    <skipped/>
  </testcase> <!-- @AfterMethod Screenshot -->
  <testcase name="@BeforeMethod ControlTest" time="0.0" classname="launchAuto.PORTALSuite">
    <skipped/>
  </testcase> <!-- @BeforeMethod ControlTest -->
  <testcase name="@AfterMethod Screenshot" time="0.0" classname="launchAuto.PORTALSuite">
    <skipped/>
  </testcase> <!-- @AfterMethod Screenshot -->
  <testcase name="@BeforeMethod ControlTest" time="0.0" classname="launchAuto.PORTALSuite">
    <skipped/>
  </testcase> <!-- @BeforeMethod ControlTest -->
  <testcase name="@AfterMethod Screenshot" time="0.0" classname="launchAuto.PORTALSuite">
    <skipped/>
  </testcase> <!-- @AfterMethod Screenshot -->
  <testcase name="@BeforeMethod ControlTest" time="0.0" classname="launchAuto.PORTALSuite">
    <skipped/>
  </testcase> <!-- @BeforeMethod ControlTest -->
  <testcase name="@AfterMethod Screenshot" time="0.0" classname="launchAuto.PORTALSuite">
    <skipped/>
  </testcase> <!-- @AfterMethod Screenshot -->
  <testcase name="@BeforeMethod ControlTest" time="0.0" classname="launchAuto.PORTALSuite">
    <skipped/>
  </testcase> <!-- @BeforeMethod ControlTest -->
  <testcase name="@AfterMethod Screenshot" time="0.0" classname="launchAuto.PORTALSuite">
    <skipped/>
  </testcase> <!-- @AfterMethod Screenshot -->
  <testcase name="@BeforeMethod ControlTest" time="0.0" classname="launchAuto.PORTALSuite">
    <skipped/>
  </testcase> <!-- @BeforeMethod ControlTest -->
  <testcase name="@AfterMethod Screenshot" time="0.0" classname="launchAuto.PORTALSuite">
    <skipped/>
  </testcase> <!-- @AfterMethod Screenshot -->
  <testcase name="@BeforeMethod ControlTest" time="0.0" classname="launchAuto.PORTALSuite">
    <skipped/>
  </testcase> <!-- @BeforeMethod ControlTest -->
  <testcase name="@AfterMethod Screenshot" time="0.0" classname="launchAuto.PORTALSuite">
    <skipped/>
  </testcase> <!-- @AfterMethod Screenshot -->
  <testcase name="@BeforeMethod ControlTest" time="0.0" classname="launchAuto.PORTALSuite">
    <skipped/>
  </testcase> <!-- @BeforeMethod ControlTest -->
  <testcase name="@AfterMethod Screenshot" time="0.0" classname="launchAuto.PORTALSuite">
    <skipped/>
  </testcase> <!-- @AfterMethod Screenshot -->
  <testcase name="@BeforeMethod ControlTest" time="0.0" classname="launchAuto.PORTALSuite">
    <skipped/>
  </testcase> <!-- @BeforeMethod ControlTest -->
  <testcase name="@AfterMethod Screenshot" time="0.0" classname="launchAuto.PORTALSuite">
    <skipped/>
  </testcase> <!-- @AfterMethod Screenshot -->
  <testcase name="@BeforeMethod ControlTest" time="0.0" classname="launchAuto.PORTALSuite">
    <skipped/>
  </testcase> <!-- @BeforeMethod ControlTest -->
  <testcase name="@AfterMethod Screenshot" time="0.0" classname="launchAuto.PORTALSuite">
    <skipped/>
  </testcase> <!-- @AfterMethod Screenshot -->
  <testcase name="@BeforeMethod ControlTest" time="0.0" classname="launchAuto.PORTALSuite">
    <skipped/>
  </testcase> <!-- @BeforeMethod ControlTest -->
  <testcase name="@AfterMethod Screenshot" time="0.0" classname="launchAuto.PORTALSuite">
    <skipped/>
  </testcase> <!-- @AfterMethod Screenshot -->
  <testcase name="@BeforeMethod ControlTest" time="0.0" classname="launchAuto.PORTALSuite">
    <skipped/>
  </testcase> <!-- @BeforeMethod ControlTest -->
  <testcase name="@AfterMethod Screenshot" time="0.0" classname="launchAuto.PORTALSuite">
    <skipped/>
  </testcase> <!-- @AfterMethod Screenshot -->
  <testcase name="@BeforeMethod ControlTest" time="0.0" classname="launchAuto.PORTALSuite">
    <skipped/>
  </testcase> <!-- @BeforeMethod ControlTest -->
  <testcase name="@AfterMethod Screenshot" time="0.0" classname="launchAuto.PORTALSuite">
    <skipped/>
  </testcase> <!-- @AfterMethod Screenshot -->
  <testcase name="@BeforeMethod ControlTest" time="0.0" classname="launchAuto.PORTALSuite">
    <skipped/>
  </testcase> <!-- @BeforeMethod ControlTest -->
  <testcase name="@AfterMethod Screenshot" time="0.0" classname="launchAuto.PORTALSuite">
    <skipped/>
  </testcase> <!-- @AfterMethod Screenshot -->
  <testcase name="@BeforeMethod ControlTest" time="0.0" classname="launchAuto.PORTALSuite">
    <skipped/>
  </testcase> <!-- @BeforeMethod ControlTest -->
  <testcase name="@AfterMethod Screenshot" time="0.0" classname="launchAuto.PORTALSuite">
    <skipped/>
  </testcase> <!-- @AfterMethod Screenshot -->
  <testcase name="@BeforeMethod ControlTest" time="0.0" classname="launchAuto.PORTALSuite">
    <skipped/>
  </testcase> <!-- @BeforeMethod ControlTest -->
  <testcase name="@AfterMethod Screenshot" time="0.0" classname="launchAuto.PORTALSuite">
    <skipped/>
  </testcase> <!-- @AfterMethod Screenshot -->
  <testcase name="@BeforeMethod ControlTest" time="0.0" classname="launchAuto.PORTALSuite">
    <skipped/>
  </testcase> <!-- @BeforeMethod ControlTest -->
  <testcase name="@AfterMethod Screenshot" time="0.0" classname="launchAuto.PORTALSuite">
    <skipped/>
  </testcase> <!-- @AfterMethod Screenshot -->
  <testcase name="@BeforeMethod ControlTest" time="0.0" classname="launchAuto.PORTALSuite">
    <skipped/>
  </testcase> <!-- @BeforeMethod ControlTest -->
  <testcase name="@AfterMethod Screenshot" time="0.0" classname="launchAuto.PORTALSuite">
    <skipped/>
  </testcase> <!-- @AfterMethod Screenshot -->
  <testcase name="@BeforeMethod ControlTest" time="0.0" classname="launchAuto.PORTALSuite">
    <skipped/>
  </testcase> <!-- @BeforeMethod ControlTest -->
  <testcase name="@AfterMethod Screenshot" time="0.0" classname="launchAuto.PORTALSuite">
    <skipped/>
  </testcase> <!-- @AfterMethod Screenshot -->
  <testcase name="@BeforeMethod ControlTest" time="0.0" classname="launchAuto.PORTALSuite">
    <skipped/>
  </testcase> <!-- @BeforeMethod ControlTest -->
  <testcase name="@AfterMethod Screenshot" time="0.0" classname="launchAuto.PORTALSuite">
    <skipped/>
  </testcase> <!-- @AfterMethod Screenshot -->
  <testcase name="@BeforeMethod ControlTest" time="0.0" classname="launchAuto.PORTALSuite">
    <skipped/>
  </testcase> <!-- @BeforeMethod ControlTest -->
  <testcase name="@AfterMethod Screenshot" time="0.0" classname="launchAuto.PORTALSuite">
    <skipped/>
  </testcase> <!-- @AfterMethod Screenshot -->
  <testcase name="@BeforeMethod ControlTest" time="0.0" classname="launchAuto.PORTALSuite">
    <skipped/>
  </testcase> <!-- @BeforeMethod ControlTest -->
  <testcase name="@AfterMethod Screenshot" time="0.0" classname="launchAuto.PORTALSuite">
    <skipped/>
  </testcase> <!-- @AfterMethod Screenshot -->
  <testcase name="@BeforeMethod ControlTest" time="0.0" classname="launchAuto.PORTALSuite">
    <skipped/>
  </testcase> <!-- @BeforeMethod ControlTest -->
  <testcase name="@AfterMethod Screenshot" time="0.0" classname="launchAuto.PORTALSuite">
    <skipped/>
  </testcase> <!-- @AfterMethod Screenshot -->
  <testcase name="@BeforeMethod ControlTest" time="0.0" classname="launchAuto.PORTALSuite">
    <skipped/>
  </testcase> <!-- @BeforeMethod ControlTest -->
  <testcase name="@AfterMethod Screenshot" time="0.0" classname="launchAuto.PORTALSuite">
    <skipped/>
  </testcase> <!-- @AfterMethod Screenshot -->
  <testcase name="@BeforeMethod ControlTest" time="0.0" classname="launchAuto.PORTALSuite">
    <skipped/>
  </testcase> <!-- @BeforeMethod ControlTest -->
  <testcase name="@AfterMethod Screenshot" time="0.0" classname="launchAuto.PORTALSuite">
    <skipped/>
  </testcase> <!-- @AfterMethod Screenshot -->
  <testcase name="@BeforeMethod ControlTest" time="0.0" classname="launchAuto.PORTALSuite">
    <skipped/>
  </testcase> <!-- @BeforeMethod ControlTest -->
  <testcase name="@AfterMethod Screenshot" time="0.0" classname="launchAuto.PORTALSuite">
    <skipped/>
  </testcase> <!-- @AfterMethod Screenshot -->
  <testcase name="@BeforeMethod ControlTest" time="0.0" classname="launchAuto.PORTALSuite">
    <skipped/>
  </testcase> <!-- @BeforeMethod ControlTest -->
  <testcase name="@AfterMethod Screenshot" time="0.0" classname="launchAuto.PORTALSuite">
    <skipped/>
  </testcase> <!-- @AfterMethod Screenshot -->
  <testcase name="@BeforeMethod ControlTest" time="0.0" classname="launchAuto.PORTALSuite">
    <skipped/>
  </testcase> <!-- @BeforeMethod ControlTest -->
  <testcase name="@AfterMethod Screenshot" time="0.0" classname="launchAuto.PORTALSuite">
    <skipped/>
  </testcase> <!-- @AfterMethod Screenshot -->
  <testcase name="@BeforeMethod ControlTest" time="0.0" classname="launchAuto.PORTALSuite">
    <skipped/>
  </testcase> <!-- @BeforeMethod ControlTest -->
  <testcase name="@AfterMethod Screenshot" time="0.0" classname="launchAuto.PORTALSuite">
    <skipped/>
  </testcase> <!-- @AfterMethod Screenshot -->
  <testcase name="@BeforeMethod ControlTest" time="0.0" classname="launchAuto.PORTALSuite">
    <skipped/>
  </testcase> <!-- @BeforeMethod ControlTest -->
  <testcase name="@AfterMethod Screenshot" time="0.0" classname="launchAuto.PORTALSuite">
    <skipped/>
  </testcase> <!-- @AfterMethod Screenshot -->
  <testcase name="@BeforeMethod ControlTest" time="0.0" classname="launchAuto.PORTALSuite">
    <skipped/>
  </testcase> <!-- @BeforeMethod ControlTest -->
  <testcase name="@AfterMethod Screenshot" time="0.0" classname="launchAuto.PORTALSuite">
    <skipped/>
  </testcase> <!-- @AfterMethod Screenshot -->
  <testcase name="@BeforeMethod ControlTest" time="0.0" classname="launchAuto.PORTALSuite">
    <skipped/>
  </testcase> <!-- @BeforeMethod ControlTest -->
  <testcase name="@AfterMethod Screenshot" time="0.0" classname="launchAuto.PORTALSuite">
    <skipped/>
  </testcase> <!-- @AfterMethod Screenshot -->
  <testcase name="@BeforeMethod ControlTest" time="0.0" classname="launchAuto.PORTALSuite">
    <skipped/>
  </testcase> <!-- @BeforeMethod ControlTest -->
  <testcase name="@AfterMethod Screenshot" time="0.0" classname="launchAuto.PORTALSuite">
    <skipped/>
  </testcase> <!-- @AfterMethod Screenshot -->
  <testcase name="@BeforeMethod ControlTest" time="0.0" classname="launchAuto.PORTALSuite">
    <skipped/>
  </testcase> <!-- @BeforeMethod ControlTest -->
  <testcase name="@AfterMethod Screenshot" time="0.0" classname="launchAuto.PORTALSuite">
    <skipped/>
  </testcase> <!-- @AfterMethod Screenshot -->
  <testcase name="@BeforeMethod ControlTest" time="0.0" classname="launchAuto.PORTALSuite">
    <skipped/>
  </testcase> <!-- @BeforeMethod ControlTest -->
  <testcase name="@AfterMethod Screenshot" time="0.0" classname="launchAuto.PORTALSuite">
    <skipped/>
  </testcase> <!-- @AfterMethod Screenshot -->
  <testcase name="@BeforeMethod ControlTest" time="0.0" classname="launchAuto.PORTALSuite">
    <skipped/>
  </testcase> <!-- @BeforeMethod ControlTest -->
  <testcase name="@AfterMethod Screenshot" time="0.0" classname="launchAuto.PORTALSuite">
    <skipped/>
  </testcase> <!-- @AfterMethod Screenshot -->
  <testcase name="@BeforeMethod ControlTest" time="0.0" classname="launchAuto.PORTALSuite">
    <skipped/>
  </testcase> <!-- @BeforeMethod ControlTest -->
  <testcase name="@AfterMethod Screenshot" time="0.0" classname="launchAuto.PORTALSuite">
    <skipped/>
  </testcase> <!-- @AfterMethod Screenshot -->
  <testcase name="@BeforeMethod ControlTest" time="0.0" classname="launchAuto.PORTALSuite">
    <skipped/>
  </testcase> <!-- @BeforeMethod ControlTest -->
  <testcase name="@AfterMethod Screenshot" time="0.0" classname="launchAuto.PORTALSuite">
    <skipped/>
  </testcase> <!-- @AfterMethod Screenshot -->
  <testcase name="@BeforeMethod ControlTest" time="0.0" classname="launchAuto.PORTALSuite">
    <skipped/>
  </testcase> <!-- @BeforeMethod ControlTest -->
  <testcase name="@AfterMethod Screenshot" time="0.0" classname="launchAuto.PORTALSuite">
    <skipped/>
  </testcase> <!-- @AfterMethod Screenshot -->
  <testcase name="@BeforeMethod ControlTest" time="0.0" classname="launchAuto.PORTALSuite">
    <skipped/>
  </testcase> <!-- @BeforeMethod ControlTest -->
  <testcase name="@AfterMethod Screenshot" time="0.0" classname="launchAuto.PORTALSuite">
    <skipped/>
  </testcase> <!-- @AfterMethod Screenshot -->
  <testcase name="@BeforeMethod ControlTest" time="0.0" classname="launchAuto.PORTALSuite">
    <skipped/>
  </testcase> <!-- @BeforeMethod ControlTest -->
  <testcase name="@AfterMethod Screenshot" time="0.0" classname="launchAuto.PORTALSuite">
    <skipped/>
  </testcase> <!-- @AfterMethod Screenshot -->
  <testcase name="@BeforeMethod ControlTest" time="0.0" classname="launchAuto.PORTALSuite">
    <skipped/>
  </testcase> <!-- @BeforeMethod ControlTest -->
  <testcase name="@AfterMethod Screenshot" time="0.0" classname="launchAuto.PORTALSuite">
    <skipped/>
  </testcase> <!-- @AfterMethod Screenshot -->
  <testcase name="@BeforeMethod ControlTest" time="0.0" classname="launchAuto.PORTALSuite">
    <skipped/>
  </testcase> <!-- @BeforeMethod ControlTest -->
  <testcase name="@AfterMethod Screenshot" time="0.0" classname="launchAuto.PORTALSuite">
    <skipped/>
  </testcase> <!-- @AfterMethod Screenshot -->
  <testcase name="@BeforeMethod ControlTest" time="0.0" classname="launchAuto.PORTALSuite">
    <skipped/>
  </testcase> <!-- @BeforeMethod ControlTest -->
  <testcase name="@AfterMethod Screenshot" time="0.0" classname="launchAuto.PORTALSuite">
    <skipped/>
  </testcase> <!-- @AfterMethod Screenshot -->
  <testcase name="@BeforeMethod ControlTest" time="0.0" classname="launchAuto.PORTALSuite">
    <skipped/>
  </testcase> <!-- @BeforeMethod ControlTest -->
  <testcase name="@AfterMethod Screenshot" time="0.0" classname="launchAuto.PORTALSuite">
    <skipped/>
  </testcase> <!-- @AfterMethod Screenshot -->
  <testcase name="@BeforeMethod ControlTest" time="0.0" classname="launchAuto.PORTALSuite">
    <skipped/>
  </testcase> <!-- @BeforeMethod ControlTest -->
  <testcase name="@AfterMethod Screenshot" time="0.0" classname="launchAuto.PORTALSuite">
    <skipped/>
  </testcase> <!-- @AfterMethod Screenshot -->
  <testcase name="@BeforeMethod ControlTest" time="0.0" classname="launchAuto.PORTALSuite">
    <skipped/>
  </testcase> <!-- @BeforeMethod ControlTest -->
  <testcase name="@AfterMethod Screenshot" time="0.0" classname="launchAuto.PORTALSuite">
    <skipped/>
  </testcase> <!-- @AfterMethod Screenshot -->
  <testcase name="@BeforeMethod ControlTest" time="0.0" classname="launchAuto.PORTALSuite">
    <skipped/>
  </testcase> <!-- @BeforeMethod ControlTest -->
  <testcase name="@AfterMethod Screenshot" time="0.0" classname="launchAuto.PORTALSuite">
    <skipped/>
  </testcase> <!-- @AfterMethod Screenshot -->
  <testcase name="@BeforeMethod ControlTest" time="0.0" classname="launchAuto.PORTALSuite">
    <skipped/>
  </testcase> <!-- @BeforeMethod ControlTest -->
  <testcase name="@AfterMethod Screenshot" time="0.0" classname="launchAuto.PORTALSuite">
    <skipped/>
  </testcase> <!-- @AfterMethod Screenshot -->
  <testcase name="@BeforeMethod ControlTest" time="0.0" classname="launchAuto.PORTALSuite">
    <skipped/>
  </testcase> <!-- @BeforeMethod ControlTest -->
  <testcase name="@AfterMethod Screenshot" time="0.0" classname="launchAuto.PORTALSuite">
    <skipped/>
  </testcase> <!-- @AfterMethod Screenshot -->
  <testcase name="@BeforeMethod ControlTest" time="0.0" classname="launchAuto.PORTALSuite">
    <skipped/>
  </testcase> <!-- @BeforeMethod ControlTest -->
  <testcase name="@AfterMethod Screenshot" time="0.0" classname="launchAuto.PORTALSuite">
    <skipped/>
  </testcase> <!-- @AfterMethod Screenshot -->
  <testcase name="@BeforeMethod ControlTest" time="0.0" classname="launchAuto.PORTALSuite">
    <skipped/>
  </testcase> <!-- @BeforeMethod ControlTest -->
  <testcase name="@AfterMethod Screenshot" time="0.0" classname="launchAuto.PORTALSuite">
    <skipped/>
  </testcase> <!-- @AfterMethod Screenshot -->
  <testcase name="@BeforeMethod ControlTest" time="0.0" classname="launchAuto.PORTALSuite">
    <skipped/>
  </testcase> <!-- @BeforeMethod ControlTest -->
  <testcase name="@AfterMethod Screenshot" time="0.0" classname="launchAuto.PORTALSuite">
    <skipped/>
  </testcase> <!-- @AfterMethod Screenshot -->
  <testcase name="@BeforeMethod ControlTest" time="0.0" classname="launchAuto.PORTALSuite">
    <skipped/>
  </testcase> <!-- @BeforeMethod ControlTest -->
  <testcase name="@AfterMethod Screenshot" time="0.0" classname="launchAuto.PORTALSuite">
    <skipped/>
  </testcase> <!-- @AfterMethod Screenshot -->
  <testcase name="@BeforeMethod ControlTest" time="0.0" classname="launchAuto.PORTALSuite">
    <skipped/>
  </testcase> <!-- @BeforeMethod ControlTest -->
  <testcase name="@AfterMethod Screenshot" time="0.0" classname="launchAuto.PORTALSuite">
    <skipped/>
  </testcase> <!-- @AfterMethod Screenshot -->
  <testcase name="@BeforeMethod ControlTest" time="0.0" classname="launchAuto.PORTALSuite">
    <skipped/>
  </testcase> <!-- @BeforeMethod ControlTest -->
  <testcase name="@AfterMethod Screenshot" time="0.0" classname="launchAuto.PORTALSuite">
    <skipped/>
  </testcase> <!-- @AfterMethod Screenshot -->
  <testcase name="@BeforeMethod ControlTest" time="0.0" classname="launchAuto.PORTALSuite">
    <skipped/>
  </testcase> <!-- @BeforeMethod ControlTest -->
  <testcase name="@AfterMethod Screenshot" time="0.0" classname="launchAuto.PORTALSuite">
    <skipped/>
  </testcase> <!-- @AfterMethod Screenshot -->
  <testcase name="@BeforeMethod ControlTest" time="0.0" classname="launchAuto.PORTALSuite">
    <skipped/>
  </testcase> <!-- @BeforeMethod ControlTest -->
  <testcase name="@AfterMethod Screenshot" time="0.0" classname="launchAuto.PORTALSuite">
    <skipped/>
  </testcase> <!-- @AfterMethod Screenshot -->
  <testcase name="@BeforeMethod ControlTest" time="0.0" classname="launchAuto.PORTALSuite">
    <skipped/>
  </testcase> <!-- @BeforeMethod ControlTest -->
  <testcase name="@AfterMethod Screenshot" time="0.0" classname="launchAuto.PORTALSuite">
    <skipped/>
  </testcase> <!-- @AfterMethod Screenshot -->
  <testcase name="@BeforeMethod ControlTest" time="0.0" classname="launchAuto.PORTALSuite">
    <skipped/>
  </testcase> <!-- @BeforeMethod ControlTest -->
  <testcase name="@AfterMethod Screenshot" time="0.0" classname="launchAuto.PORTALSuite">
    <skipped/>
  </testcase> <!-- @AfterMethod Screenshot -->
  <testcase name="@BeforeMethod ControlTest" time="0.0" classname="launchAuto.PORTALSuite">
    <skipped/>
  </testcase> <!-- @BeforeMethod ControlTest -->
  <testcase name="@AfterMethod Screenshot" time="0.0" classname="launchAuto.PORTALSuite">
    <skipped/>
  </testcase> <!-- @AfterMethod Screenshot -->
  <testcase name="@BeforeMethod ControlTest" time="0.0" classname="launchAuto.PORTALSuite">
    <skipped/>
  </testcase> <!-- @BeforeMethod ControlTest -->
  <testcase name="@AfterMethod Screenshot" time="0.0" classname="launchAuto.PORTALSuite">
    <skipped/>
  </testcase> <!-- @AfterMethod Screenshot -->
  <testcase name="@BeforeMethod ControlTest" time="0.0" classname="launchAuto.PORTALSuite">
    <skipped/>
  </testcase> <!-- @BeforeMethod ControlTest -->
  <testcase name="@AfterMethod Screenshot" time="0.0" classname="launchAuto.PORTALSuite">
    <skipped/>
  </testcase> <!-- @AfterMethod Screenshot -->
  <testcase name="@BeforeMethod ControlTest" time="0.0" classname="launchAuto.PORTALSuite">
    <skipped/>
  </testcase> <!-- @BeforeMethod ControlTest -->
  <testcase name="@AfterMethod Screenshot" time="0.0" classname="launchAuto.PORTALSuite">
    <skipped/>
  </testcase> <!-- @AfterMethod Screenshot -->
  <testcase name="@BeforeMethod ControlTest" time="0.0" classname="launchAuto.PORTALSuite">
    <skipped/>
  </testcase> <!-- @BeforeMethod ControlTest -->
  <testcase name="@AfterMethod Screenshot" time="0.0" classname="launchAuto.PORTALSuite">
    <skipped/>
  </testcase> <!-- @AfterMethod Screenshot -->
  <testcase name="@BeforeMethod ControlTest" time="0.0" classname="launchAuto.PORTALSuite">
    <skipped/>
  </testcase> <!-- @BeforeMethod ControlTest -->
  <testcase name="@AfterMethod Screenshot" time="0.0" classname="launchAuto.PORTALSuite">
    <skipped/>
  </testcase> <!-- @AfterMethod Screenshot -->
  <testcase name="@BeforeMethod ControlTest" time="0.0" classname="launchAuto.PORTALSuite">
    <skipped/>
  </testcase> <!-- @BeforeMethod ControlTest -->
  <testcase name="@AfterMethod Screenshot" time="0.0" classname="launchAuto.PORTALSuite">
    <skipped/>
  </testcase> <!-- @AfterMethod Screenshot -->
  <testcase name="@AfterTest closeBrowser" time="0.0" classname="launchAuto.PORTALSuite">
    <skipped/>
  </testcase> <!-- @AfterTest closeBrowser -->
  <testcase name="Test01_Verify_Uploading_A_ValidFile_inReportViewer" time="0.0" classname="launchAuto.PORTALSuite">
    <skipped/>
  </testcase> <!-- Test01_Verify_Uploading_A_ValidFile_inReportViewer -->
  <testcase name="Test02_Verify_Uploading_Multiple_ValidFiles_inReportViewer" time="0.016" classname="launchAuto.PORTALSuite">
    <skipped/>
  </testcase> <!-- Test02_Verify_Uploading_Multiple_ValidFiles_inReportViewer -->
  <testcase name="Test03_Verify_ReportViewer_Functionality_basedon_Various_SearchMethods" time="0.0" classname="launchAuto.PORTALSuite">
    <skipped/>
  </testcase> <!-- Test03_Verify_ReportViewer_Functionality_basedon_Various_SearchMethods -->
  <testcase name="Test04_Verify_NegativeCases_of_AdvancedSearch_Functionality_inReportViewer" time="0.0" classname="launchAuto.PORTALSuite">
    <skipped/>
  </testcase> <!-- Test04_Verify_NegativeCases_of_AdvancedSearch_Functionality_inReportViewer -->
  <testcase name="Test05_Verify_Uploading_IllegalFile_And_Upload_information_validation_inReportViewer" time="0.0" classname="launchAuto.PORTALSuite">
    <skipped/>
  </testcase> <!-- Test05_Verify_Uploading_IllegalFile_And_Upload_information_validation_inReportViewer -->
  <testcase name="Test06_Verify_Uploading_A_ValidFile_inProofing" time="0.0" classname="launchAuto.PORTALSuite">
    <skipped/>
  </testcase> <!-- Test06_Verify_Uploading_A_ValidFile_inProofing -->
  <testcase name="Test07_Verify_Uploading_Multiple_ValidFiles_inProofing" time="0.0" classname="launchAuto.PORTALSuite">
    <skipped/>
  </testcase> <!-- Test07_Verify_Uploading_Multiple_ValidFiles_inProofing -->
  <testcase name="Test08_Verify_Uploading_IllegalFile_And_Upload_information_validation_inProofing" time="0.0" classname="launchAuto.PORTALSuite">
    <skipped/>
  </testcase> <!-- Test08_Verify_Uploading_IllegalFile_And_Upload_information_validation_inProofing -->
  <testcase name="Test09_Verify_ViewProofs_Functionality_basedon_Various_SearchMethods" time="0.0" classname="launchAuto.PORTALSuite">
    <skipped/>
  </testcase> <!-- Test09_Verify_ViewProofs_Functionality_basedon_Various_SearchMethods -->
  <testcase name="Test10_Verify_ProofEdit_ProofDelete_NegativeCases_of_AdvancedSearch_Functionality" time="0.0" classname="launchAuto.PORTALSuite">
    <skipped/>
  </testcase> <!-- Test10_Verify_ProofEdit_ProofDelete_NegativeCases_of_AdvancedSearch_Functionality -->
  <testcase name="Test11_Verify_Change_in_proofStatus_to_Approve_and_Reject_with_commentsOrupload" time="0.0" classname="launchAuto.PORTALSuite">
    <skipped/>
  </testcase> <!-- Test11_Verify_Change_in_proofStatus_to_Approve_and_Reject_with_commentsOrupload -->
  <testcase name="Test12_Verify_thebulkActions_and_proofEnhancements" time="0.0" classname="launchAuto.PORTALSuite">
    <skipped/>
  </testcase> <!-- Test12_Verify_thebulkActions_and_proofEnhancements -->
  <testcase name="Test13_Verify_TheAudit_Search_based_on_various_Search_methods" time="0.0" classname="launchAuto.PORTALSuite">
    <skipped/>
  </testcase> <!-- Test13_Verify_TheAudit_Search_based_on_various_Search_methods -->
  <testcase name="Test14_Verify_TheNegativeCases_of_AdvancedSearch_in_auditPage" time="0.0" classname="launchAuto.PORTALSuite">
    <skipped/>
  </testcase> <!-- Test14_Verify_TheNegativeCases_of_AdvancedSearch_in_auditPage -->
  <testcase name="Test15_Verify_view_audits_withComments_and_Validating_theSame" time="0.0" classname="launchAuto.PORTALSuite">
    <skipped/>
  </testcase> <!-- Test15_Verify_view_audits_withComments_and_Validating_theSame -->
  <testcase name="Test16_Verify_theChange_in_status_of_audits" time="0.0" classname="launchAuto.PORTALSuite">
    <skipped/>
  </testcase> <!-- Test16_Verify_theChange_in_status_of_audits -->
  <testcase name="Test17_Verify_the_Audit_Keys_Segments_And_AuditRules_Functionality" time="0.0" classname="launchAuto.PORTALSuite">
    <skipped/>
  </testcase> <!-- Test17_Verify_the_Audit_Keys_Segments_And_AuditRules_Functionality -->
  <testcase name="Test18_Verify_theSimpleSearch_in_Archives" time="0.0" classname="launchAuto.PORTALSuite">
    <skipped/>
  </testcase> <!-- Test18_Verify_theSimpleSearch_in_Archives -->
  <testcase name="Test19_Verify_theAdvancedSearch_in_Archives" time="0.0" classname="launchAuto.PORTALSuite">
    <skipped/>
  </testcase> <!-- Test19_Verify_theAdvancedSearch_in_Archives -->
  <testcase name="Test20_Verify_theConcatenationBeta_CombinedDocuments_inArchives" time="0.0" classname="launchAuto.PORTALSuite">
    <skipped/>
  </testcase> <!-- Test20_Verify_theConcatenationBeta_CombinedDocuments_inArchives -->
  <testcase name="Test21_Verify_FileManagementbeta_inArchives" time="0.0" classname="launchAuto.PORTALSuite">
    <skipped/>
  </testcase> <!-- Test21_Verify_FileManagementbeta_inArchives -->
  <testcase name="Test22_Verify_MessageCenter_inArchives" time="0.0" classname="launchAuto.PORTALSuite">
    <skipped/>
  </testcase> <!-- Test22_Verify_MessageCenter_inArchives -->
  <testcase name="Test23_Verify_ManageUserConsent_inArchives" time="0.0" classname="launchAuto.PORTALSuite">
    <skipped/>
  </testcase> <!-- Test23_Verify_ManageUserConsent_inArchives -->
  <testcase name="Test24_Verify_EmailSettingsBeta_forArchives" time="0.0" classname="launchAuto.PORTALSuite">
    <skipped/>
  </testcase> <!-- Test24_Verify_EmailSettingsBeta_forArchives -->
  <testcase name="Test25_Verify_ReprintSettings_inArchives" time="0.0" classname="launchAuto.PORTALSuite">
    <skipped/>
  </testcase> <!-- Test25_Verify_ReprintSettings_inArchives -->
  <testcase name="Test26_Verify_theVarious_SearchDocuments_methods_ineDeliveryApplication" time="0.0" classname="launchAuto.PORTALSuite">
    <skipped/>
  </testcase> <!-- Test26_Verify_theVarious_SearchDocuments_methods_ineDeliveryApplication -->
  <testcase name="Test27_Verify_Inventory_Status_Summary_Under_Reports" time="0.0" classname="launchAuto.PORTALSuite">
    <skipped/>
  </testcase> <!-- Test27_Verify_Inventory_Status_Summary_Under_Reports -->
  <testcase name="Test28_Verify_Postal_Frieght_Application_Under_Reports" time="0.0" classname="launchAuto.PORTALSuite">
    <skipped/>
  </testcase> <!-- Test28_Verify_Postal_Frieght_Application_Under_Reports -->
  <testcase name="Test29_Verify_Client_User_Access_Services_Under_Reports" time="0.0" classname="launchAuto.PORTALSuite">
    <skipped/>
  </testcase> <!-- Test29_Verify_Client_User_Access_Services_Under_Reports -->
  <testcase name="Test30_Verify_Production_By_Order_Summary_Under_Reports" time="0.016" classname="launchAuto.PORTALSuite">
    <skipped/>
  </testcase> <!-- Test30_Verify_Production_By_Order_Summary_Under_Reports -->
  <testcase name="Test31_Verify_Postage_Freight_Plant_Under_Reports" time="0.0" classname="launchAuto.PORTALSuite">
    <skipped/>
  </testcase> <!-- Test31_Verify_Postage_Freight_Plant_Under_Reports -->
  <testcase name="Test32_Verification_ofthe_ProductionbyOrderDetail_Report_ofReportWriter" time="0.0" classname="launchAuto.PORTALSuite">
    <skipped/>
  </testcase> <!-- Test32_Verification_ofthe_ProductionbyOrderDetail_Report_ofReportWriter -->
  <testcase name="Test33_Verification_ofthe_InsertingOrder_Report_ofReportWriter" time="0.0" classname="launchAuto.PORTALSuite">
    <skipped/>
  </testcase> <!-- Test33_Verification_ofthe_InsertingOrder_Report_ofReportWriter -->
  <testcase name="Test34_Verification_ofthe_DPR_Report_ofReportWriter" time="0.0" classname="launchAuto.PORTALSuite">
    <skipped/>
  </testcase> <!-- Test34_Verification_ofthe_DPR_Report_ofReportWriter -->
  <testcase name="Test35_Verification_Recon_Email_Update_Report" time="0.0" classname="launchAuto.PORTALSuite">
    <skipped/>
  </testcase> <!-- Test35_Verification_Recon_Email_Update_Report -->
  <testcase name="Test36_Verification_ofthe_My_Report_Section_ofReportWriter" time="0.0" classname="launchAuto.PORTALSuite">
    <skipped/>
  </testcase> <!-- Test36_Verification_ofthe_My_Report_Section_ofReportWriter -->
  <testcase name="Test37_Proof_Of_Review_Of_ReportWriter" time="0.0" classname="launchAuto.PORTALSuite">
    <skipped/>
  </testcase> <!-- Test37_Proof_Of_Review_Of_ReportWriter -->
  <testcase name="Test38_Verification_of_various_search_operation_proof_testing" time="0.0" classname="launchAuto.PORTALSuite">
    <skipped/>
  </testcase> <!-- Test38_Verification_of_various_search_operation_proof_testing -->
  <testcase name="Test39_Verification_of_EnvelopePackage_Search_in_JobTracking" time="0.0" classname="launchAuto.PORTALSuite">
    <skipped/>
  </testcase> <!-- Test39_Verification_of_EnvelopePackage_Search_in_JobTracking -->
  <testcase name="Test40_Verify_the_Quick_Search_Functionality_Of_JobTracking" time="0.0" classname="launchAuto.PORTALSuite">
    <skipped/>
  </testcase> <!-- Test40_Verify_the_Quick_Search_Functionality_Of_JobTracking -->
  <testcase name="Test41_Verify_the_Saved_Search_Functionality_Of_JobTracking" time="0.0" classname="launchAuto.PORTALSuite">
    <skipped/>
  </testcase> <!-- Test41_Verify_the_Saved_Search_Functionality_Of_JobTracking -->
  <testcase name="Test42_Verify_the_Order_Search_Functionality_Of_JobTracking" time="0.0" classname="launchAuto.PORTALSuite">
    <skipped/>
  </testcase> <!-- Test42_Verify_the_Order_Search_Functionality_Of_JobTracking -->
  <testcase name="Test43_Verify_the_Recent_Activity_Functionality_Of_JobTracking" time="0.0" classname="launchAuto.PORTALSuite">
    <skipped/>
  </testcase> <!-- Test43_Verify_the_Recent_Activity_Functionality_Of_JobTracking -->
  <testcase name="Test44_Verify_the_Pulls_Management" time="0.0" classname="launchAuto.PORTALSuite">
    <skipped/>
  </testcase> <!-- Test44_Verify_the_Pulls_Management -->
  <testcase name="Test45_Verify_3_7_Public_Documents" time="0.0" classname="launchAuto.PORTALSuite">
    <skipped/>
  </testcase> <!-- Test45_Verify_3_7_Public_Documents -->
  <testcase name="Test46_Verify_publicDocuments_Uploade_via_FTP" time="0.0" classname="launchAuto.PORTALSuite">
    <skipped/>
  </testcase> <!-- Test46_Verify_publicDocuments_Uploade_via_FTP -->
  <testcase name="Test47_Verify_3_7_SSO_Consent" time="0.0" classname="launchAuto.PORTALSuite">
    <skipped/>
  </testcase> <!-- Test47_Verify_3_7_SSO_Consent -->
  <testcase name="Test48_Verify_3_7_RegistrationAnd_ConsentPassword_Reset" time="0.0" classname="launchAuto.PORTALSuite">
    <skipped/>
  </testcase> <!-- Test48_Verify_3_7_RegistrationAnd_ConsentPassword_Reset -->
  <testcase name="Test49_Verify_the_Text_Email_Type_of_Template_Management" time="0.0" classname="launchAuto.PORTALSuite">
    <skipped/>
  </testcase> <!-- Test49_Verify_the_Text_Email_Type_of_Template_Management -->
  <testcase name="Test50_Verify_the_HTML_Email_Type_of_Template_Management" time="0.0" classname="launchAuto.PORTALSuite">
    <skipped/>
  </testcase> <!-- Test50_Verify_the_HTML_Email_Type_of_Template_Management -->
  <testcase name="Test51_Verify_the_Promote_Edit_XMLSchema_Permissions_Of_Email_Type_of_Template_Management" time="0.0" classname="launchAuto.PORTALSuite">
    <skipped/>
  </testcase> <!-- Test51_Verify_the_Promote_Edit_XMLSchema_Permissions_Of_Email_Type_of_Template_Management -->
  <testcase name="Test52_Verify_the_various_waysto_Access_Template_Management_Tool" time="0.0" classname="launchAuto.PORTALSuite">
    <skipped/>
  </testcase> <!-- Test52_Verify_the_various_waysto_Access_Template_Management_Tool -->
  <testcase name="Test53_Verify_the_eDelivery_Field_validation_of_the_TemplateManagement" time="0.0" classname="launchAuto.PORTALSuite">
    <skipped/>
  </testcase> <!-- Test53_Verify_the_eDelivery_Field_validation_of_the_TemplateManagement -->
  <testcase name="Test54_Verify_the_XML__Schema_of_the_TemplateManagement" time="0.0" classname="launchAuto.PORTALSuite">
    <skipped/>
  </testcase> <!-- Test54_Verify_the_XML__Schema_of_the_TemplateManagement -->
  <testcase name="Test55_Verify_the_PivotSAML__tests" time="0.0" classname="launchAuto.PORTALSuite">
    <skipped/>
  </testcase> <!-- Test55_Verify_the_PivotSAML__tests -->
  <testcase name="Test56_Verify_the_HTML5_documents_archivalProcess" time="0.0" classname="launchAuto.PORTALSuite">
    <skipped/>
  </testcase> <!-- Test56_Verify_the_HTML5_documents_archivalProcess -->
  <testcase name="Test57_Verifying_creation_of_New_Campaign_Manager" time="0.0" classname="launchAuto.PORTALSuite">
    <skipped/>
  </testcase> <!-- Test57_Verifying_creation_of_New_Campaign_Manager -->
  <testcase name="Test58_Verify_SSO_User_Login_and_Password_reset_Functionality" time="0.0" classname="launchAuto.PORTALSuite">
    <skipped/>
  </testcase> <!-- Test58_Verify_SSO_User_Login_and_Password_reset_Functionality -->
  <testcase name="Test59_Verify_Campaign_Manager_AdvanceSearch" time="0.0" classname="launchAuto.PORTALSuite">
    <skipped/>
  </testcase> <!-- Test59_Verify_Campaign_Manager_AdvanceSearch -->
  <testcase name="Test60_Verify_Campaign_Manager_ManageRecipient" time="0.0" classname="launchAuto.PORTALSuite">
    <skipped/>
  </testcase> <!-- Test60_Verify_Campaign_Manager_ManageRecipient -->
  <testcase name="Test61_Verify_Campaign_Manager_Email_Verification_for_Plain_and_Variable_Text_Template" time="0.0" classname="launchAuto.PORTALSuite">
    <skipped/>
  </testcase> <!-- Test61_Verify_Campaign_Manager_Email_Verification_for_Plain_and_Variable_Text_Template -->
  <testcase name="Test62_Verify_Client_Name_and_Application_Name_remains_same_across_the_searches_in_Jobtracking" time="0.0" classname="launchAuto.PORTALSuite">
    <skipped/>
  </testcase> <!-- Test62_Verify_Client_Name_and_Application_Name_remains_same_across_the_searches_in_Jobtracking -->
  <testcase name="Test63_Verify_Favorite_Feature_of_the_Portal" time="0.0" classname="launchAuto.PORTALSuite">
    <skipped/>
  </testcase> <!-- Test63_Verify_Favorite_Feature_of_the_Portal -->
  <testcase name="Test64_Verify_eDelivery_Acknowledge_Feature_of_Archives" time="0.0" classname="launchAuto.PORTALSuite">
    <skipped/>
  </testcase> <!-- Test64_Verify_eDelivery_Acknowledge_Feature_of_Archives -->
  <testcase name="Test65_Verify_Test_Login_Feature_Using_Different_Users" time="0.0" classname="launchAuto.PORTALSuite">
    <skipped/>
  </testcase> <!-- Test65_Verify_Test_Login_Feature_Using_Different_Users -->
  <testcase name="Test66_Manageuser_SimpleSearch_NewModule" time="0.0" classname="launchAuto.PORTALSuite">
    <skipped/>
  </testcase> <!-- Test66_Manageuser_SimpleSearch_NewModule -->
  <testcase name="Test67_Manageuser_AdvanceSearch_NewModule" time="0.0" classname="launchAuto.PORTALSuite">
    <skipped/>
  </testcase> <!-- Test67_Manageuser_AdvanceSearch_NewModule -->
  <testcase name="Test68_Verify_DirecttoDocument_Functionality" time="0.0" classname="launchAuto.PORTALSuite">
    <skipped/>
  </testcase> <!-- Test68_Verify_DirecttoDocument_Functionality -->
  <testcase name="Test72_Verify_SSOscript_PDFfileOpened_whenClicking_on_Submit_withLatest_DateAndTime" time="0.0" classname="launchAuto.PORTALSuite">
    <skipped/>
  </testcase> <!-- Test72_Verify_SSOscript_PDFfileOpened_whenClicking_on_Submit_withLatest_DateAndTime -->
  <testcase name="Test73_Verify_SSOscript_XMLRenamed_From_aspx_AfterClicking_on_Submit_withLatest_DateAndTime" time="0.0" classname="launchAuto.PORTALSuite">
    <skipped/>
  </testcase> <!-- Test73_Verify_SSOscript_XMLRenamed_From_aspx_AfterClicking_on_Submit_withLatest_DateAndTime -->
  <testcase name="Test74_Verify_SSOscript_PDFfileOpened_whenClicking_onViewPDFLink_AfterClicking_on_Submit_withLatest_DateAndTime" time="0.0" classname="launchAuto.PORTALSuite">
    <skipped/>
  </testcase> <!-- Test74_Verify_SSOscript_PDFfileOpened_whenClicking_onViewPDFLink_AfterClicking_on_Submit_withLatest_DateAndTime -->
</testsuite> <!-- PIVOT Portal Automation Suite -->
