<?xml version="1.0" encoding="UTF-8"?>
<testng-results skipped="79" failed="0" total="80" passed="1">
  <reporter-output>
    <line>
      <![CDATA[***** Verifying Advance search feature in Manageuser is Passed *****]]>
    </line>
    <line>
      <![CDATA[<a href='/Pivot_Portal/Report & Logs/PATAReport_13Sep2017_020450/Logs/Test67_Manageuser_AdvanceSearch_NewModule_908811.png'> <img src='/Pivot_Portal/Report & Logs/PATAReport_13Sep2017_020450/Logs/Test67_Manageuser_AdvanceSearch_NewModule_908811.png' height='100' width='100'/> </a>]]>
    </line>
  </reporter-output>
  <suite name="Default suite" duration-ms="1265529" started-at="2017-09-13T07:04:51Z" finished-at="2017-09-13T07:25:56Z">
    <groups>
    </groups>
    <test name="Default test" duration-ms="1265529" started-at="2017-09-13T07:04:51Z" finished-at="2017-09-13T07:25:56Z">
      <class name="launchAuto.Initialization">
        <test-method status="PASS" signature="Initialize()[pri:0, instance:launchAuto.Initialization@551a6c8d]" name="Initialize" is-config="true" duration-ms="796" started-at="2017-09-13T02:04:50Z" finished-at="2017-09-13T02:04:51Z">
          <reporter-output>
          </reporter-output>
        </test-method> <!-- Initialize -->
        <test-method status="PASS" signature="LaunchBrowser()[pri:0, instance:launchAuto.Initialization@551a6c8d]" name="LaunchBrowser" is-config="true" duration-ms="38047" started-at="2017-09-13T02:04:51Z" finished-at="2017-09-13T02:05:29Z">
          <reporter-output>
          </reporter-output>
        </test-method> <!-- LaunchBrowser -->
        <test-method status="PASS" signature="closeBrowser()[pri:0, instance:launchAuto.Initialization@551a6c8d]" name="closeBrowser" is-config="true" duration-ms="1014" started-at="2017-09-13T02:25:55Z" finished-at="2017-09-13T02:25:56Z">
          <reporter-output>
          </reporter-output>
        </test-method> <!-- closeBrowser -->
        <test-method status="PASS" signature="UpdateConfig()[pri:0, instance:launchAuto.Initialization@551a6c8d]" name="UpdateConfig" is-config="true" duration-ms="6458" started-at="2017-09-13T02:25:56Z" finished-at="2017-09-13T02:26:03Z">
          <reporter-output>
          </reporter-output>
        </test-method> <!-- UpdateConfig -->
      </class> <!-- launchAuto.Initialization -->
      <class name="launchAuto.PORTALSuite">
        <test-method status="PASS" signature="ControlTest()[pri:0, instance:launchAuto.PORTALSuite@b354f7e]" name="ControlTest" is-config="true" duration-ms="312" started-at="2017-09-13T02:05:29Z" finished-at="2017-09-13T02:05:29Z">
          <reporter-output>
          </reporter-output>
        </test-method> <!-- ControlTest -->
        <test-method status="SKIP" signature="Test01_Verify_Uploading_A_ValidFile_inReportViewer()[pri:0, instance:launchAuto.PORTALSuite@b354f7e]" name="Test01_Verify_Uploading_A_ValidFile_inReportViewer" duration-ms="0" started-at="2017-09-13T02:05:29Z" finished-at="2017-09-13T02:05:29Z">
          <exception class="org.testng.SkipException">
            <message>
              <![CDATA[Skipping Test01 - User opted to skip this test ]]>
            </message>
            <full-stacktrace>
              <![CDATA[org.testng.SkipException: Skipping Test01 - User opted to skip this test 
	at launchAuto.PORTALSuite.Test01_Verify_Uploading_A_ValidFile_inReportViewer(PORTALSuite.java:95)
	at sun.reflect.NativeMethodAccessorImpl.invoke0(Native Method)
	at sun.reflect.NativeMethodAccessorImpl.invoke(Unknown Source)
	at sun.reflect.DelegatingMethodAccessorImpl.invoke(Unknown Source)
	at java.lang.reflect.Method.invoke(Unknown Source)
	at org.testng.internal.MethodInvocationHelper.invokeMethod(MethodInvocationHelper.java:84)
	at org.testng.internal.Invoker.invokeMethod(Invoker.java:714)
	at org.testng.internal.Invoker.invokeTestMethod(Invoker.java:901)
	at org.testng.internal.Invoker.invokeTestMethods(Invoker.java:1231)
	at org.testng.internal.TestMethodWorker.invokeTestMethods(TestMethodWorker.java:127)
	at org.testng.internal.TestMethodWorker.run(TestMethodWorker.java:111)
	at org.testng.TestRunner.privateRun(TestRunner.java:767)
	at org.testng.TestRunner.run(TestRunner.java:617)
	at org.testng.SuiteRunner.runTest(SuiteRunner.java:334)
	at org.testng.SuiteRunner.runSequentially(SuiteRunner.java:329)
	at org.testng.SuiteRunner.privateRun(SuiteRunner.java:291)
	at org.testng.SuiteRunner.run(SuiteRunner.java:240)
	at org.testng.SuiteRunnerWorker.runSuite(SuiteRunnerWorker.java:52)
	at org.testng.SuiteRunnerWorker.run(SuiteRunnerWorker.java:86)
	at org.testng.TestNG.runSuitesSequentially(TestNG.java:1224)
	at org.testng.TestNG.runSuitesLocally(TestNG.java:1149)
	at org.testng.TestNG.run(TestNG.java:1057)
	at org.testng.remote.RemoteTestNG.run(RemoteTestNG.java:111)
	at org.testng.remote.RemoteTestNG.initAndRun(RemoteTestNG.java:204)
	at org.testng.remote.RemoteTestNG.main(RemoteTestNG.java:175)
]]>
            </full-stacktrace>
          </exception> <!-- org.testng.SkipException -->
          <reporter-output>
          </reporter-output>
        </test-method> <!-- Test01_Verify_Uploading_A_ValidFile_inReportViewer -->
        <test-method status="PASS" signature="Screenshot(org.testng.ITestResult)[pri:0, instance:launchAuto.PORTALSuite@b354f7e]" name="Screenshot" is-config="true" duration-ms="47" started-at="2017-09-13T02:05:29Z" finished-at="2017-09-13T02:05:29Z">
          <params>
            <param index="0">
              <value>
                <![CDATA[[TestResult name=Test01_Verify_Uploading_A_ValidFile_inReportViewer status=SKIP method=PORTALSuite.Test01_Verify_Uploading_A_ValidFile_inReportViewer()[pri:0, instance:launchAuto.PORTALSuite@b354f7e] output={null}]]]>
              </value>
            </param>
          </params>
          <reporter-output>
          </reporter-output>
        </test-method> <!-- Screenshot -->
        <test-method status="PASS" signature="ControlTest()[pri:0, instance:launchAuto.PORTALSuite@b354f7e]" name="ControlTest" is-config="true" duration-ms="109" started-at="2017-09-13T02:05:29Z" finished-at="2017-09-13T02:05:29Z">
          <reporter-output>
          </reporter-output>
        </test-method> <!-- ControlTest -->
        <test-method status="SKIP" signature="Test02_Verify_Uploading_Multiple_ValidFiles_inReportViewer()[pri:0, instance:launchAuto.PORTALSuite@b354f7e]" name="Test02_Verify_Uploading_Multiple_ValidFiles_inReportViewer" duration-ms="0" started-at="2017-09-13T02:05:29Z" finished-at="2017-09-13T02:05:29Z">
          <exception class="org.testng.SkipException">
            <message>
              <![CDATA[Skipping Test02 - User opted to skip this test ]]>
            </message>
            <full-stacktrace>
              <![CDATA[org.testng.SkipException: Skipping Test02 - User opted to skip this test 
	at launchAuto.PORTALSuite.Test02_Verify_Uploading_Multiple_ValidFiles_inReportViewer(PORTALSuite.java:110)
	at sun.reflect.NativeMethodAccessorImpl.invoke0(Native Method)
	at sun.reflect.NativeMethodAccessorImpl.invoke(Unknown Source)
	at sun.reflect.DelegatingMethodAccessorImpl.invoke(Unknown Source)
	at java.lang.reflect.Method.invoke(Unknown Source)
	at org.testng.internal.MethodInvocationHelper.invokeMethod(MethodInvocationHelper.java:84)
	at org.testng.internal.Invoker.invokeMethod(Invoker.java:714)
	at org.testng.internal.Invoker.invokeTestMethod(Invoker.java:901)
	at org.testng.internal.Invoker.invokeTestMethods(Invoker.java:1231)
	at org.testng.internal.TestMethodWorker.invokeTestMethods(TestMethodWorker.java:127)
	at org.testng.internal.TestMethodWorker.run(TestMethodWorker.java:111)
	at org.testng.TestRunner.privateRun(TestRunner.java:767)
	at org.testng.TestRunner.run(TestRunner.java:617)
	at org.testng.SuiteRunner.runTest(SuiteRunner.java:334)
	at org.testng.SuiteRunner.runSequentially(SuiteRunner.java:329)
	at org.testng.SuiteRunner.privateRun(SuiteRunner.java:291)
	at org.testng.SuiteRunner.run(SuiteRunner.java:240)
	at org.testng.SuiteRunnerWorker.runSuite(SuiteRunnerWorker.java:52)
	at org.testng.SuiteRunnerWorker.run(SuiteRunnerWorker.java:86)
	at org.testng.TestNG.runSuitesSequentially(TestNG.java:1224)
	at org.testng.TestNG.runSuitesLocally(TestNG.java:1149)
	at org.testng.TestNG.run(TestNG.java:1057)
	at org.testng.remote.RemoteTestNG.run(RemoteTestNG.java:111)
	at org.testng.remote.RemoteTestNG.initAndRun(RemoteTestNG.java:204)
	at org.testng.remote.RemoteTestNG.main(RemoteTestNG.java:175)
]]>
            </full-stacktrace>
          </exception> <!-- org.testng.SkipException -->
          <reporter-output>
          </reporter-output>
        </test-method> <!-- Test02_Verify_Uploading_Multiple_ValidFiles_inReportViewer -->
        <test-method status="PASS" signature="Screenshot(org.testng.ITestResult)[pri:0, instance:launchAuto.PORTALSuite@b354f7e]" name="Screenshot" is-config="true" duration-ms="31" started-at="2017-09-13T02:05:29Z" finished-at="2017-09-13T02:05:29Z">
          <params>
            <param index="0">
              <value>
                <![CDATA[[TestResult name=Test02_Verify_Uploading_Multiple_ValidFiles_inReportViewer status=SKIP method=PORTALSuite.Test02_Verify_Uploading_Multiple_ValidFiles_inReportViewer()[pri:0, instance:launchAuto.PORTALSuite@b354f7e] output={null}]]]>
              </value>
            </param>
          </params>
          <reporter-output>
          </reporter-output>
        </test-method> <!-- Screenshot -->
        <test-method status="PASS" signature="ControlTest()[pri:0, instance:launchAuto.PORTALSuite@b354f7e]" name="ControlTest" is-config="true" duration-ms="109" started-at="2017-09-13T02:05:29Z" finished-at="2017-09-13T02:05:29Z">
          <reporter-output>
          </reporter-output>
        </test-method> <!-- ControlTest -->
        <test-method status="SKIP" signature="Test03_Verify_ReportViewer_Functionality_basedon_Various_SearchMethods()[pri:0, instance:launchAuto.PORTALSuite@b354f7e]" name="Test03_Verify_ReportViewer_Functionality_basedon_Various_SearchMethods" duration-ms="0" started-at="2017-09-13T02:05:29Z" finished-at="2017-09-13T02:05:29Z">
          <exception class="org.testng.SkipException">
            <message>
              <![CDATA[Skipping Test03 - User opted to skip this test ]]>
            </message>
            <full-stacktrace>
              <![CDATA[org.testng.SkipException: Skipping Test03 - User opted to skip this test 
	at launchAuto.PORTALSuite.Test03_Verify_ReportViewer_Functionality_basedon_Various_SearchMethods(PORTALSuite.java:125)
	at sun.reflect.NativeMethodAccessorImpl.invoke0(Native Method)
	at sun.reflect.NativeMethodAccessorImpl.invoke(Unknown Source)
	at sun.reflect.DelegatingMethodAccessorImpl.invoke(Unknown Source)
	at java.lang.reflect.Method.invoke(Unknown Source)
	at org.testng.internal.MethodInvocationHelper.invokeMethod(MethodInvocationHelper.java:84)
	at org.testng.internal.Invoker.invokeMethod(Invoker.java:714)
	at org.testng.internal.Invoker.invokeTestMethod(Invoker.java:901)
	at org.testng.internal.Invoker.invokeTestMethods(Invoker.java:1231)
	at org.testng.internal.TestMethodWorker.invokeTestMethods(TestMethodWorker.java:127)
	at org.testng.internal.TestMethodWorker.run(TestMethodWorker.java:111)
	at org.testng.TestRunner.privateRun(TestRunner.java:767)
	at org.testng.TestRunner.run(TestRunner.java:617)
	at org.testng.SuiteRunner.runTest(SuiteRunner.java:334)
	at org.testng.SuiteRunner.runSequentially(SuiteRunner.java:329)
	at org.testng.SuiteRunner.privateRun(SuiteRunner.java:291)
	at org.testng.SuiteRunner.run(SuiteRunner.java:240)
	at org.testng.SuiteRunnerWorker.runSuite(SuiteRunnerWorker.java:52)
	at org.testng.SuiteRunnerWorker.run(SuiteRunnerWorker.java:86)
	at org.testng.TestNG.runSuitesSequentially(TestNG.java:1224)
	at org.testng.TestNG.runSuitesLocally(TestNG.java:1149)
	at org.testng.TestNG.run(TestNG.java:1057)
	at org.testng.remote.RemoteTestNG.run(RemoteTestNG.java:111)
	at org.testng.remote.RemoteTestNG.initAndRun(RemoteTestNG.java:204)
	at org.testng.remote.RemoteTestNG.main(RemoteTestNG.java:175)
]]>
            </full-stacktrace>
          </exception> <!-- org.testng.SkipException -->
          <reporter-output>
          </reporter-output>
        </test-method> <!-- Test03_Verify_ReportViewer_Functionality_basedon_Various_SearchMethods -->
        <test-method status="PASS" signature="Screenshot(org.testng.ITestResult)[pri:0, instance:launchAuto.PORTALSuite@b354f7e]" name="Screenshot" is-config="true" duration-ms="31" started-at="2017-09-13T02:05:29Z" finished-at="2017-09-13T02:05:29Z">
          <params>
            <param index="0">
              <value>
                <![CDATA[[TestResult name=Test03_Verify_ReportViewer_Functionality_basedon_Various_SearchMethods status=SKIP method=PORTALSuite.Test03_Verify_ReportViewer_Functionality_basedon_Various_SearchMethods()[pri:0, instance:launchAuto.PORTALSuite@b354f7e] output={null}]]]>
              </value>
            </param>
          </params>
          <reporter-output>
          </reporter-output>
        </test-method> <!-- Screenshot -->
        <test-method status="PASS" signature="ControlTest()[pri:0, instance:launchAuto.PORTALSuite@b354f7e]" name="ControlTest" is-config="true" duration-ms="94" started-at="2017-09-13T02:05:29Z" finished-at="2017-09-13T02:05:29Z">
          <reporter-output>
          </reporter-output>
        </test-method> <!-- ControlTest -->
        <test-method status="SKIP" signature="Test04_Verify_NegativeCases_of_AdvancedSearch_Functionality_inReportViewer()[pri:0, instance:launchAuto.PORTALSuite@b354f7e]" name="Test04_Verify_NegativeCases_of_AdvancedSearch_Functionality_inReportViewer" duration-ms="16" started-at="2017-09-13T02:05:29Z" finished-at="2017-09-13T02:05:29Z">
          <exception class="org.testng.SkipException">
            <message>
              <![CDATA[Skipping Test04 - User opted to skip this test ]]>
            </message>
            <full-stacktrace>
              <![CDATA[org.testng.SkipException: Skipping Test04 - User opted to skip this test 
	at launchAuto.PORTALSuite.Test04_Verify_NegativeCases_of_AdvancedSearch_Functionality_inReportViewer(PORTALSuite.java:140)
	at sun.reflect.NativeMethodAccessorImpl.invoke0(Native Method)
	at sun.reflect.NativeMethodAccessorImpl.invoke(Unknown Source)
	at sun.reflect.DelegatingMethodAccessorImpl.invoke(Unknown Source)
	at java.lang.reflect.Method.invoke(Unknown Source)
	at org.testng.internal.MethodInvocationHelper.invokeMethod(MethodInvocationHelper.java:84)
	at org.testng.internal.Invoker.invokeMethod(Invoker.java:714)
	at org.testng.internal.Invoker.invokeTestMethod(Invoker.java:901)
	at org.testng.internal.Invoker.invokeTestMethods(Invoker.java:1231)
	at org.testng.internal.TestMethodWorker.invokeTestMethods(TestMethodWorker.java:127)
	at org.testng.internal.TestMethodWorker.run(TestMethodWorker.java:111)
	at org.testng.TestRunner.privateRun(TestRunner.java:767)
	at org.testng.TestRunner.run(TestRunner.java:617)
	at org.testng.SuiteRunner.runTest(SuiteRunner.java:334)
	at org.testng.SuiteRunner.runSequentially(SuiteRunner.java:329)
	at org.testng.SuiteRunner.privateRun(SuiteRunner.java:291)
	at org.testng.SuiteRunner.run(SuiteRunner.java:240)
	at org.testng.SuiteRunnerWorker.runSuite(SuiteRunnerWorker.java:52)
	at org.testng.SuiteRunnerWorker.run(SuiteRunnerWorker.java:86)
	at org.testng.TestNG.runSuitesSequentially(TestNG.java:1224)
	at org.testng.TestNG.runSuitesLocally(TestNG.java:1149)
	at org.testng.TestNG.run(TestNG.java:1057)
	at org.testng.remote.RemoteTestNG.run(RemoteTestNG.java:111)
	at org.testng.remote.RemoteTestNG.initAndRun(RemoteTestNG.java:204)
	at org.testng.remote.RemoteTestNG.main(RemoteTestNG.java:175)
]]>
            </full-stacktrace>
          </exception> <!-- org.testng.SkipException -->
          <reporter-output>
          </reporter-output>
        </test-method> <!-- Test04_Verify_NegativeCases_of_AdvancedSearch_Functionality_inReportViewer -->
        <test-method status="PASS" signature="Screenshot(org.testng.ITestResult)[pri:0, instance:launchAuto.PORTALSuite@b354f7e]" name="Screenshot" is-config="true" duration-ms="31" started-at="2017-09-13T02:05:29Z" finished-at="2017-09-13T02:05:29Z">
          <params>
            <param index="0">
              <value>
                <![CDATA[[TestResult name=Test04_Verify_NegativeCases_of_AdvancedSearch_Functionality_inReportViewer status=SKIP method=PORTALSuite.Test04_Verify_NegativeCases_of_AdvancedSearch_Functionality_inReportViewer()[pri:0, instance:launchAuto.PORTALSuite@b354f7e] output={null}]]]>
              </value>
            </param>
          </params>
          <reporter-output>
          </reporter-output>
        </test-method> <!-- Screenshot -->
        <test-method status="PASS" signature="ControlTest()[pri:0, instance:launchAuto.PORTALSuite@b354f7e]" name="ControlTest" is-config="true" duration-ms="93" started-at="2017-09-13T02:05:29Z" finished-at="2017-09-13T02:05:29Z">
          <reporter-output>
          </reporter-output>
        </test-method> <!-- ControlTest -->
        <test-method status="SKIP" signature="Test05_Verify_Uploading_IllegalFile_And_Upload_information_validation_inReportViewer()[pri:0, instance:launchAuto.PORTALSuite@b354f7e]" name="Test05_Verify_Uploading_IllegalFile_And_Upload_information_validation_inReportViewer" duration-ms="0" started-at="2017-09-13T02:05:29Z" finished-at="2017-09-13T02:05:29Z">
          <exception class="org.testng.SkipException">
            <message>
              <![CDATA[Skipping Test05 - User opted to skip this test ]]>
            </message>
            <full-stacktrace>
              <![CDATA[org.testng.SkipException: Skipping Test05 - User opted to skip this test 
	at launchAuto.PORTALSuite.Test05_Verify_Uploading_IllegalFile_And_Upload_information_validation_inReportViewer(PORTALSuite.java:155)
	at sun.reflect.NativeMethodAccessorImpl.invoke0(Native Method)
	at sun.reflect.NativeMethodAccessorImpl.invoke(Unknown Source)
	at sun.reflect.DelegatingMethodAccessorImpl.invoke(Unknown Source)
	at java.lang.reflect.Method.invoke(Unknown Source)
	at org.testng.internal.MethodInvocationHelper.invokeMethod(MethodInvocationHelper.java:84)
	at org.testng.internal.Invoker.invokeMethod(Invoker.java:714)
	at org.testng.internal.Invoker.invokeTestMethod(Invoker.java:901)
	at org.testng.internal.Invoker.invokeTestMethods(Invoker.java:1231)
	at org.testng.internal.TestMethodWorker.invokeTestMethods(TestMethodWorker.java:127)
	at org.testng.internal.TestMethodWorker.run(TestMethodWorker.java:111)
	at org.testng.TestRunner.privateRun(TestRunner.java:767)
	at org.testng.TestRunner.run(TestRunner.java:617)
	at org.testng.SuiteRunner.runTest(SuiteRunner.java:334)
	at org.testng.SuiteRunner.runSequentially(SuiteRunner.java:329)
	at org.testng.SuiteRunner.privateRun(SuiteRunner.java:291)
	at org.testng.SuiteRunner.run(SuiteRunner.java:240)
	at org.testng.SuiteRunnerWorker.runSuite(SuiteRunnerWorker.java:52)
	at org.testng.SuiteRunnerWorker.run(SuiteRunnerWorker.java:86)
	at org.testng.TestNG.runSuitesSequentially(TestNG.java:1224)
	at org.testng.TestNG.runSuitesLocally(TestNG.java:1149)
	at org.testng.TestNG.run(TestNG.java:1057)
	at org.testng.remote.RemoteTestNG.run(RemoteTestNG.java:111)
	at org.testng.remote.RemoteTestNG.initAndRun(RemoteTestNG.java:204)
	at org.testng.remote.RemoteTestNG.main(RemoteTestNG.java:175)
]]>
            </full-stacktrace>
          </exception> <!-- org.testng.SkipException -->
          <reporter-output>
          </reporter-output>
        </test-method> <!-- Test05_Verify_Uploading_IllegalFile_And_Upload_information_validation_inReportViewer -->
        <test-method status="PASS" signature="Screenshot(org.testng.ITestResult)[pri:0, instance:launchAuto.PORTALSuite@b354f7e]" name="Screenshot" is-config="true" duration-ms="94" started-at="2017-09-13T02:05:29Z" finished-at="2017-09-13T02:05:30Z">
          <params>
            <param index="0">
              <value>
                <![CDATA[[TestResult name=Test05_Verify_Uploading_IllegalFile_And_Upload_information_validation_inReportViewer status=SKIP method=PORTALSuite.Test05_Verify_Uploading_IllegalFile_And_Upload_information_validation_inReportViewer()[pri:0, instance:launchAuto.PORTALSuite@b354f7e] output={null}]]]>
              </value>
            </param>
          </params>
          <reporter-output>
          </reporter-output>
        </test-method> <!-- Screenshot -->
        <test-method status="PASS" signature="ControlTest()[pri:0, instance:launchAuto.PORTALSuite@b354f7e]" name="ControlTest" is-config="true" duration-ms="109" started-at="2017-09-13T02:05:30Z" finished-at="2017-09-13T02:05:30Z">
          <reporter-output>
          </reporter-output>
        </test-method> <!-- ControlTest -->
        <test-method status="SKIP" signature="Test06_Verify_Uploading_A_ValidFile_inProofing()[pri:0, instance:launchAuto.PORTALSuite@b354f7e]" name="Test06_Verify_Uploading_A_ValidFile_inProofing" duration-ms="16" started-at="2017-09-13T02:05:30Z" finished-at="2017-09-13T02:05:30Z">
          <exception class="org.testng.SkipException">
            <message>
              <![CDATA[Skipping Test06 - User opted to skip this test ]]>
            </message>
            <full-stacktrace>
              <![CDATA[org.testng.SkipException: Skipping Test06 - User opted to skip this test 
	at launchAuto.PORTALSuite.Test06_Verify_Uploading_A_ValidFile_inProofing(PORTALSuite.java:170)
	at sun.reflect.NativeMethodAccessorImpl.invoke0(Native Method)
	at sun.reflect.NativeMethodAccessorImpl.invoke(Unknown Source)
	at sun.reflect.DelegatingMethodAccessorImpl.invoke(Unknown Source)
	at java.lang.reflect.Method.invoke(Unknown Source)
	at org.testng.internal.MethodInvocationHelper.invokeMethod(MethodInvocationHelper.java:84)
	at org.testng.internal.Invoker.invokeMethod(Invoker.java:714)
	at org.testng.internal.Invoker.invokeTestMethod(Invoker.java:901)
	at org.testng.internal.Invoker.invokeTestMethods(Invoker.java:1231)
	at org.testng.internal.TestMethodWorker.invokeTestMethods(TestMethodWorker.java:127)
	at org.testng.internal.TestMethodWorker.run(TestMethodWorker.java:111)
	at org.testng.TestRunner.privateRun(TestRunner.java:767)
	at org.testng.TestRunner.run(TestRunner.java:617)
	at org.testng.SuiteRunner.runTest(SuiteRunner.java:334)
	at org.testng.SuiteRunner.runSequentially(SuiteRunner.java:329)
	at org.testng.SuiteRunner.privateRun(SuiteRunner.java:291)
	at org.testng.SuiteRunner.run(SuiteRunner.java:240)
	at org.testng.SuiteRunnerWorker.runSuite(SuiteRunnerWorker.java:52)
	at org.testng.SuiteRunnerWorker.run(SuiteRunnerWorker.java:86)
	at org.testng.TestNG.runSuitesSequentially(TestNG.java:1224)
	at org.testng.TestNG.runSuitesLocally(TestNG.java:1149)
	at org.testng.TestNG.run(TestNG.java:1057)
	at org.testng.remote.RemoteTestNG.run(RemoteTestNG.java:111)
	at org.testng.remote.RemoteTestNG.initAndRun(RemoteTestNG.java:204)
	at org.testng.remote.RemoteTestNG.main(RemoteTestNG.java:175)
]]>
            </full-stacktrace>
          </exception> <!-- org.testng.SkipException -->
          <reporter-output>
          </reporter-output>
        </test-method> <!-- Test06_Verify_Uploading_A_ValidFile_inProofing -->
        <test-method status="PASS" signature="Screenshot(org.testng.ITestResult)[pri:0, instance:launchAuto.PORTALSuite@b354f7e]" name="Screenshot" is-config="true" duration-ms="16" started-at="2017-09-13T02:05:30Z" finished-at="2017-09-13T02:05:30Z">
          <params>
            <param index="0">
              <value>
                <![CDATA[[TestResult name=Test06_Verify_Uploading_A_ValidFile_inProofing status=SKIP method=PORTALSuite.Test06_Verify_Uploading_A_ValidFile_inProofing()[pri:0, instance:launchAuto.PORTALSuite@b354f7e] output={null}]]]>
              </value>
            </param>
          </params>
          <reporter-output>
          </reporter-output>
        </test-method> <!-- Screenshot -->
        <test-method status="PASS" signature="ControlTest()[pri:0, instance:launchAuto.PORTALSuite@b354f7e]" name="ControlTest" is-config="true" duration-ms="109" started-at="2017-09-13T02:05:30Z" finished-at="2017-09-13T02:05:30Z">
          <reporter-output>
          </reporter-output>
        </test-method> <!-- ControlTest -->
        <test-method status="SKIP" signature="Test07_Verify_Uploading_Multiple_ValidFiles_inProofing()[pri:0, instance:launchAuto.PORTALSuite@b354f7e]" name="Test07_Verify_Uploading_Multiple_ValidFiles_inProofing" duration-ms="0" started-at="2017-09-13T02:05:30Z" finished-at="2017-09-13T02:05:30Z">
          <exception class="org.testng.SkipException">
            <message>
              <![CDATA[Skipping Test07 - User opted to skip this test ]]>
            </message>
            <full-stacktrace>
              <![CDATA[org.testng.SkipException: Skipping Test07 - User opted to skip this test 
	at launchAuto.PORTALSuite.Test07_Verify_Uploading_Multiple_ValidFiles_inProofing(PORTALSuite.java:185)
	at sun.reflect.NativeMethodAccessorImpl.invoke0(Native Method)
	at sun.reflect.NativeMethodAccessorImpl.invoke(Unknown Source)
	at sun.reflect.DelegatingMethodAccessorImpl.invoke(Unknown Source)
	at java.lang.reflect.Method.invoke(Unknown Source)
	at org.testng.internal.MethodInvocationHelper.invokeMethod(MethodInvocationHelper.java:84)
	at org.testng.internal.Invoker.invokeMethod(Invoker.java:714)
	at org.testng.internal.Invoker.invokeTestMethod(Invoker.java:901)
	at org.testng.internal.Invoker.invokeTestMethods(Invoker.java:1231)
	at org.testng.internal.TestMethodWorker.invokeTestMethods(TestMethodWorker.java:127)
	at org.testng.internal.TestMethodWorker.run(TestMethodWorker.java:111)
	at org.testng.TestRunner.privateRun(TestRunner.java:767)
	at org.testng.TestRunner.run(TestRunner.java:617)
	at org.testng.SuiteRunner.runTest(SuiteRunner.java:334)
	at org.testng.SuiteRunner.runSequentially(SuiteRunner.java:329)
	at org.testng.SuiteRunner.privateRun(SuiteRunner.java:291)
	at org.testng.SuiteRunner.run(SuiteRunner.java:240)
	at org.testng.SuiteRunnerWorker.runSuite(SuiteRunnerWorker.java:52)
	at org.testng.SuiteRunnerWorker.run(SuiteRunnerWorker.java:86)
	at org.testng.TestNG.runSuitesSequentially(TestNG.java:1224)
	at org.testng.TestNG.runSuitesLocally(TestNG.java:1149)
	at org.testng.TestNG.run(TestNG.java:1057)
	at org.testng.remote.RemoteTestNG.run(RemoteTestNG.java:111)
	at org.testng.remote.RemoteTestNG.initAndRun(RemoteTestNG.java:204)
	at org.testng.remote.RemoteTestNG.main(RemoteTestNG.java:175)
]]>
            </full-stacktrace>
          </exception> <!-- org.testng.SkipException -->
          <reporter-output>
          </reporter-output>
        </test-method> <!-- Test07_Verify_Uploading_Multiple_ValidFiles_inProofing -->
        <test-method status="PASS" signature="Screenshot(org.testng.ITestResult)[pri:0, instance:launchAuto.PORTALSuite@b354f7e]" name="Screenshot" is-config="true" duration-ms="47" started-at="2017-09-13T02:05:30Z" finished-at="2017-09-13T02:05:30Z">
          <params>
            <param index="0">
              <value>
                <![CDATA[[TestResult name=Test07_Verify_Uploading_Multiple_ValidFiles_inProofing status=SKIP method=PORTALSuite.Test07_Verify_Uploading_Multiple_ValidFiles_inProofing()[pri:0, instance:launchAuto.PORTALSuite@b354f7e] output={null}]]]>
              </value>
            </param>
          </params>
          <reporter-output>
          </reporter-output>
        </test-method> <!-- Screenshot -->
        <test-method status="PASS" signature="ControlTest()[pri:0, instance:launchAuto.PORTALSuite@b354f7e]" name="ControlTest" is-config="true" duration-ms="93" started-at="2017-09-13T02:05:30Z" finished-at="2017-09-13T02:05:30Z">
          <reporter-output>
          </reporter-output>
        </test-method> <!-- ControlTest -->
        <test-method status="PASS" signature="Screenshot(org.testng.ITestResult)[pri:0, instance:launchAuto.PORTALSuite@b354f7e]" name="Screenshot" is-config="true" duration-ms="31" started-at="2017-09-13T02:05:30Z" finished-at="2017-09-13T02:05:30Z">
          <params>
            <param index="0">
              <value>
                <![CDATA[[TestResult name=Test08_Verify_Uploading_IllegalFile_And_Upload_information_validation_inProofing status=SKIP method=PORTALSuite.Test08_Verify_Uploading_IllegalFile_And_Upload_information_validation_inProofing()[pri:0, instance:launchAuto.PORTALSuite@b354f7e] output={null}]]]>
              </value>
            </param>
          </params>
          <reporter-output>
          </reporter-output>
        </test-method> <!-- Screenshot -->
        <test-method status="SKIP" signature="Test08_Verify_Uploading_IllegalFile_And_Upload_information_validation_inProofing()[pri:0, instance:launchAuto.PORTALSuite@b354f7e]" name="Test08_Verify_Uploading_IllegalFile_And_Upload_information_validation_inProofing" duration-ms="0" started-at="2017-09-13T02:05:30Z" finished-at="2017-09-13T02:05:30Z">
          <exception class="org.testng.SkipException">
            <message>
              <![CDATA[Skipping Test08 - User opted to skip this test ]]>
            </message>
            <full-stacktrace>
              <![CDATA[org.testng.SkipException: Skipping Test08 - User opted to skip this test 
	at launchAuto.PORTALSuite.Test08_Verify_Uploading_IllegalFile_And_Upload_information_validation_inProofing(PORTALSuite.java:200)
	at sun.reflect.NativeMethodAccessorImpl.invoke0(Native Method)
	at sun.reflect.NativeMethodAccessorImpl.invoke(Unknown Source)
	at sun.reflect.DelegatingMethodAccessorImpl.invoke(Unknown Source)
	at java.lang.reflect.Method.invoke(Unknown Source)
	at org.testng.internal.MethodInvocationHelper.invokeMethod(MethodInvocationHelper.java:84)
	at org.testng.internal.Invoker.invokeMethod(Invoker.java:714)
	at org.testng.internal.Invoker.invokeTestMethod(Invoker.java:901)
	at org.testng.internal.Invoker.invokeTestMethods(Invoker.java:1231)
	at org.testng.internal.TestMethodWorker.invokeTestMethods(TestMethodWorker.java:127)
	at org.testng.internal.TestMethodWorker.run(TestMethodWorker.java:111)
	at org.testng.TestRunner.privateRun(TestRunner.java:767)
	at org.testng.TestRunner.run(TestRunner.java:617)
	at org.testng.SuiteRunner.runTest(SuiteRunner.java:334)
	at org.testng.SuiteRunner.runSequentially(SuiteRunner.java:329)
	at org.testng.SuiteRunner.privateRun(SuiteRunner.java:291)
	at org.testng.SuiteRunner.run(SuiteRunner.java:240)
	at org.testng.SuiteRunnerWorker.runSuite(SuiteRunnerWorker.java:52)
	at org.testng.SuiteRunnerWorker.run(SuiteRunnerWorker.java:86)
	at org.testng.TestNG.runSuitesSequentially(TestNG.java:1224)
	at org.testng.TestNG.runSuitesLocally(TestNG.java:1149)
	at org.testng.TestNG.run(TestNG.java:1057)
	at org.testng.remote.RemoteTestNG.run(RemoteTestNG.java:111)
	at org.testng.remote.RemoteTestNG.initAndRun(RemoteTestNG.java:204)
	at org.testng.remote.RemoteTestNG.main(RemoteTestNG.java:175)
]]>
            </full-stacktrace>
          </exception> <!-- org.testng.SkipException -->
          <reporter-output>
          </reporter-output>
        </test-method> <!-- Test08_Verify_Uploading_IllegalFile_And_Upload_information_validation_inProofing -->
        <test-method status="PASS" signature="ControlTest()[pri:0, instance:launchAuto.PORTALSuite@b354f7e]" name="ControlTest" is-config="true" duration-ms="110" started-at="2017-09-13T02:05:30Z" finished-at="2017-09-13T02:05:30Z">
          <reporter-output>
          </reporter-output>
        </test-method> <!-- ControlTest -->
        <test-method status="PASS" signature="Screenshot(org.testng.ITestResult)[pri:0, instance:launchAuto.PORTALSuite@b354f7e]" name="Screenshot" is-config="true" duration-ms="46" started-at="2017-09-13T02:05:30Z" finished-at="2017-09-13T02:05:30Z">
          <params>
            <param index="0">
              <value>
                <![CDATA[[TestResult name=Test09_Verify_ViewProofs_Functionality_basedon_Various_SearchMethods status=SKIP method=PORTALSuite.Test09_Verify_ViewProofs_Functionality_basedon_Various_SearchMethods()[pri:0, instance:launchAuto.PORTALSuite@b354f7e] output={null}]]]>
              </value>
            </param>
          </params>
          <reporter-output>
          </reporter-output>
        </test-method> <!-- Screenshot -->
        <test-method status="SKIP" signature="Test09_Verify_ViewProofs_Functionality_basedon_Various_SearchMethods()[pri:0, instance:launchAuto.PORTALSuite@b354f7e]" name="Test09_Verify_ViewProofs_Functionality_basedon_Various_SearchMethods" duration-ms="0" started-at="2017-09-13T02:05:30Z" finished-at="2017-09-13T02:05:30Z">
          <exception class="org.testng.SkipException">
            <message>
              <![CDATA[Skipping Test09 - User opted to skip this test ]]>
            </message>
            <full-stacktrace>
              <![CDATA[org.testng.SkipException: Skipping Test09 - User opted to skip this test 
	at launchAuto.PORTALSuite.Test09_Verify_ViewProofs_Functionality_basedon_Various_SearchMethods(PORTALSuite.java:215)
	at sun.reflect.NativeMethodAccessorImpl.invoke0(Native Method)
	at sun.reflect.NativeMethodAccessorImpl.invoke(Unknown Source)
	at sun.reflect.DelegatingMethodAccessorImpl.invoke(Unknown Source)
	at java.lang.reflect.Method.invoke(Unknown Source)
	at org.testng.internal.MethodInvocationHelper.invokeMethod(MethodInvocationHelper.java:84)
	at org.testng.internal.Invoker.invokeMethod(Invoker.java:714)
	at org.testng.internal.Invoker.invokeTestMethod(Invoker.java:901)
	at org.testng.internal.Invoker.invokeTestMethods(Invoker.java:1231)
	at org.testng.internal.TestMethodWorker.invokeTestMethods(TestMethodWorker.java:127)
	at org.testng.internal.TestMethodWorker.run(TestMethodWorker.java:111)
	at org.testng.TestRunner.privateRun(TestRunner.java:767)
	at org.testng.TestRunner.run(TestRunner.java:617)
	at org.testng.SuiteRunner.runTest(SuiteRunner.java:334)
	at org.testng.SuiteRunner.runSequentially(SuiteRunner.java:329)
	at org.testng.SuiteRunner.privateRun(SuiteRunner.java:291)
	at org.testng.SuiteRunner.run(SuiteRunner.java:240)
	at org.testng.SuiteRunnerWorker.runSuite(SuiteRunnerWorker.java:52)
	at org.testng.SuiteRunnerWorker.run(SuiteRunnerWorker.java:86)
	at org.testng.TestNG.runSuitesSequentially(TestNG.java:1224)
	at org.testng.TestNG.runSuitesLocally(TestNG.java:1149)
	at org.testng.TestNG.run(TestNG.java:1057)
	at org.testng.remote.RemoteTestNG.run(RemoteTestNG.java:111)
	at org.testng.remote.RemoteTestNG.initAndRun(RemoteTestNG.java:204)
	at org.testng.remote.RemoteTestNG.main(RemoteTestNG.java:175)
]]>
            </full-stacktrace>
          </exception> <!-- org.testng.SkipException -->
          <reporter-output>
          </reporter-output>
        </test-method> <!-- Test09_Verify_ViewProofs_Functionality_basedon_Various_SearchMethods -->
        <test-method status="PASS" signature="ControlTest()[pri:0, instance:launchAuto.PORTALSuite@b354f7e]" name="ControlTest" is-config="true" duration-ms="110" started-at="2017-09-13T02:05:30Z" finished-at="2017-09-13T02:05:30Z">
          <reporter-output>
          </reporter-output>
        </test-method> <!-- ControlTest -->
        <test-method status="SKIP" signature="Test10_Verify_ProofEdit_ProofDelete_NegativeCases_of_AdvancedSearch_Functionality()[pri:0, instance:launchAuto.PORTALSuite@b354f7e]" name="Test10_Verify_ProofEdit_ProofDelete_NegativeCases_of_AdvancedSearch_Functionality" duration-ms="0" started-at="2017-09-13T02:05:30Z" finished-at="2017-09-13T02:05:30Z">
          <exception class="org.testng.SkipException">
            <message>
              <![CDATA[Skipping Test10 - User opted to skip this test ]]>
            </message>
            <full-stacktrace>
              <![CDATA[org.testng.SkipException: Skipping Test10 - User opted to skip this test 
	at launchAuto.PORTALSuite.Test10_Verify_ProofEdit_ProofDelete_NegativeCases_of_AdvancedSearch_Functionality(PORTALSuite.java:230)
	at sun.reflect.NativeMethodAccessorImpl.invoke0(Native Method)
	at sun.reflect.NativeMethodAccessorImpl.invoke(Unknown Source)
	at sun.reflect.DelegatingMethodAccessorImpl.invoke(Unknown Source)
	at java.lang.reflect.Method.invoke(Unknown Source)
	at org.testng.internal.MethodInvocationHelper.invokeMethod(MethodInvocationHelper.java:84)
	at org.testng.internal.Invoker.invokeMethod(Invoker.java:714)
	at org.testng.internal.Invoker.invokeTestMethod(Invoker.java:901)
	at org.testng.internal.Invoker.invokeTestMethods(Invoker.java:1231)
	at org.testng.internal.TestMethodWorker.invokeTestMethods(TestMethodWorker.java:127)
	at org.testng.internal.TestMethodWorker.run(TestMethodWorker.java:111)
	at org.testng.TestRunner.privateRun(TestRunner.java:767)
	at org.testng.TestRunner.run(TestRunner.java:617)
	at org.testng.SuiteRunner.runTest(SuiteRunner.java:334)
	at org.testng.SuiteRunner.runSequentially(SuiteRunner.java:329)
	at org.testng.SuiteRunner.privateRun(SuiteRunner.java:291)
	at org.testng.SuiteRunner.run(SuiteRunner.java:240)
	at org.testng.SuiteRunnerWorker.runSuite(SuiteRunnerWorker.java:52)
	at org.testng.SuiteRunnerWorker.run(SuiteRunnerWorker.java:86)
	at org.testng.TestNG.runSuitesSequentially(TestNG.java:1224)
	at org.testng.TestNG.runSuitesLocally(TestNG.java:1149)
	at org.testng.TestNG.run(TestNG.java:1057)
	at org.testng.remote.RemoteTestNG.run(RemoteTestNG.java:111)
	at org.testng.remote.RemoteTestNG.initAndRun(RemoteTestNG.java:204)
	at org.testng.remote.RemoteTestNG.main(RemoteTestNG.java:175)
]]>
            </full-stacktrace>
          </exception> <!-- org.testng.SkipException -->
          <reporter-output>
          </reporter-output>
        </test-method> <!-- Test10_Verify_ProofEdit_ProofDelete_NegativeCases_of_AdvancedSearch_Functionality -->
        <test-method status="PASS" signature="Screenshot(org.testng.ITestResult)[pri:0, instance:launchAuto.PORTALSuite@b354f7e]" name="Screenshot" is-config="true" duration-ms="16" started-at="2017-09-13T02:05:30Z" finished-at="2017-09-13T02:05:30Z">
          <params>
            <param index="0">
              <value>
                <![CDATA[[TestResult name=Test10_Verify_ProofEdit_ProofDelete_NegativeCases_of_AdvancedSearch_Functionality status=SKIP method=PORTALSuite.Test10_Verify_ProofEdit_ProofDelete_NegativeCases_of_AdvancedSearch_Functionality()[pri:0, instance:launchAuto.PORTALSuite@b354f7e] output={null}]]]>
              </value>
            </param>
          </params>
          <reporter-output>
          </reporter-output>
        </test-method> <!-- Screenshot -->
        <test-method status="PASS" signature="ControlTest()[pri:0, instance:launchAuto.PORTALSuite@b354f7e]" name="ControlTest" is-config="true" duration-ms="109" started-at="2017-09-13T02:05:30Z" finished-at="2017-09-13T02:05:30Z">
          <reporter-output>
          </reporter-output>
        </test-method> <!-- ControlTest -->
        <test-method status="SKIP" signature="Test11_Verify_Change_in_proofStatus_to_Approve_and_Reject_with_commentsOrupload()[pri:0, instance:launchAuto.PORTALSuite@b354f7e]" name="Test11_Verify_Change_in_proofStatus_to_Approve_and_Reject_with_commentsOrupload" duration-ms="0" started-at="2017-09-13T02:05:30Z" finished-at="2017-09-13T02:05:30Z">
          <exception class="org.testng.SkipException">
            <message>
              <![CDATA[Skipping Test11 - User opted to skip this test ]]>
            </message>
            <full-stacktrace>
              <![CDATA[org.testng.SkipException: Skipping Test11 - User opted to skip this test 
	at launchAuto.PORTALSuite.Test11_Verify_Change_in_proofStatus_to_Approve_and_Reject_with_commentsOrupload(PORTALSuite.java:246)
	at sun.reflect.NativeMethodAccessorImpl.invoke0(Native Method)
	at sun.reflect.NativeMethodAccessorImpl.invoke(Unknown Source)
	at sun.reflect.DelegatingMethodAccessorImpl.invoke(Unknown Source)
	at java.lang.reflect.Method.invoke(Unknown Source)
	at org.testng.internal.MethodInvocationHelper.invokeMethod(MethodInvocationHelper.java:84)
	at org.testng.internal.Invoker.invokeMethod(Invoker.java:714)
	at org.testng.internal.Invoker.invokeTestMethod(Invoker.java:901)
	at org.testng.internal.Invoker.invokeTestMethods(Invoker.java:1231)
	at org.testng.internal.TestMethodWorker.invokeTestMethods(TestMethodWorker.java:127)
	at org.testng.internal.TestMethodWorker.run(TestMethodWorker.java:111)
	at org.testng.TestRunner.privateRun(TestRunner.java:767)
	at org.testng.TestRunner.run(TestRunner.java:617)
	at org.testng.SuiteRunner.runTest(SuiteRunner.java:334)
	at org.testng.SuiteRunner.runSequentially(SuiteRunner.java:329)
	at org.testng.SuiteRunner.privateRun(SuiteRunner.java:291)
	at org.testng.SuiteRunner.run(SuiteRunner.java:240)
	at org.testng.SuiteRunnerWorker.runSuite(SuiteRunnerWorker.java:52)
	at org.testng.SuiteRunnerWorker.run(SuiteRunnerWorker.java:86)
	at org.testng.TestNG.runSuitesSequentially(TestNG.java:1224)
	at org.testng.TestNG.runSuitesLocally(TestNG.java:1149)
	at org.testng.TestNG.run(TestNG.java:1057)
	at org.testng.remote.RemoteTestNG.run(RemoteTestNG.java:111)
	at org.testng.remote.RemoteTestNG.initAndRun(RemoteTestNG.java:204)
	at org.testng.remote.RemoteTestNG.main(RemoteTestNG.java:175)
]]>
            </full-stacktrace>
          </exception> <!-- org.testng.SkipException -->
          <reporter-output>
          </reporter-output>
        </test-method> <!-- Test11_Verify_Change_in_proofStatus_to_Approve_and_Reject_with_commentsOrupload -->
        <test-method status="PASS" signature="Screenshot(org.testng.ITestResult)[pri:0, instance:launchAuto.PORTALSuite@b354f7e]" name="Screenshot" is-config="true" duration-ms="16" started-at="2017-09-13T02:05:30Z" finished-at="2017-09-13T02:05:30Z">
          <params>
            <param index="0">
              <value>
                <![CDATA[[TestResult name=Test11_Verify_Change_in_proofStatus_to_Approve_and_Reject_with_commentsOrupload status=SKIP method=PORTALSuite.Test11_Verify_Change_in_proofStatus_to_Approve_and_Reject_with_commentsOrupload()[pri:0, instance:launchAuto.PORTALSuite@b354f7e] output={null}]]]>
              </value>
            </param>
          </params>
          <reporter-output>
          </reporter-output>
        </test-method> <!-- Screenshot -->
        <test-method status="PASS" signature="ControlTest()[pri:0, instance:launchAuto.PORTALSuite@b354f7e]" name="ControlTest" is-config="true" duration-ms="109" started-at="2017-09-13T02:05:30Z" finished-at="2017-09-13T02:05:30Z">
          <reporter-output>
          </reporter-output>
        </test-method> <!-- ControlTest -->
        <test-method status="PASS" signature="Screenshot(org.testng.ITestResult)[pri:0, instance:launchAuto.PORTALSuite@b354f7e]" name="Screenshot" is-config="true" duration-ms="31" started-at="2017-09-13T02:05:30Z" finished-at="2017-09-13T02:05:31Z">
          <params>
            <param index="0">
              <value>
                <![CDATA[[TestResult name=Test12_Verify_thebulkActions_and_proofEnhancements status=SKIP method=PORTALSuite.Test12_Verify_thebulkActions_and_proofEnhancements()[pri:0, instance:launchAuto.PORTALSuite@b354f7e] output={null}]]]>
              </value>
            </param>
          </params>
          <reporter-output>
          </reporter-output>
        </test-method> <!-- Screenshot -->
        <test-method status="SKIP" signature="Test12_Verify_thebulkActions_and_proofEnhancements()[pri:0, instance:launchAuto.PORTALSuite@b354f7e]" name="Test12_Verify_thebulkActions_and_proofEnhancements" duration-ms="0" started-at="2017-09-13T02:05:30Z" finished-at="2017-09-13T02:05:30Z">
          <exception class="org.testng.SkipException">
            <message>
              <![CDATA[Skipping Test12 - User opted to skip this test ]]>
            </message>
            <full-stacktrace>
              <![CDATA[org.testng.SkipException: Skipping Test12 - User opted to skip this test 
	at launchAuto.PORTALSuite.Test12_Verify_thebulkActions_and_proofEnhancements(PORTALSuite.java:261)
	at sun.reflect.NativeMethodAccessorImpl.invoke0(Native Method)
	at sun.reflect.NativeMethodAccessorImpl.invoke(Unknown Source)
	at sun.reflect.DelegatingMethodAccessorImpl.invoke(Unknown Source)
	at java.lang.reflect.Method.invoke(Unknown Source)
	at org.testng.internal.MethodInvocationHelper.invokeMethod(MethodInvocationHelper.java:84)
	at org.testng.internal.Invoker.invokeMethod(Invoker.java:714)
	at org.testng.internal.Invoker.invokeTestMethod(Invoker.java:901)
	at org.testng.internal.Invoker.invokeTestMethods(Invoker.java:1231)
	at org.testng.internal.TestMethodWorker.invokeTestMethods(TestMethodWorker.java:127)
	at org.testng.internal.TestMethodWorker.run(TestMethodWorker.java:111)
	at org.testng.TestRunner.privateRun(TestRunner.java:767)
	at org.testng.TestRunner.run(TestRunner.java:617)
	at org.testng.SuiteRunner.runTest(SuiteRunner.java:334)
	at org.testng.SuiteRunner.runSequentially(SuiteRunner.java:329)
	at org.testng.SuiteRunner.privateRun(SuiteRunner.java:291)
	at org.testng.SuiteRunner.run(SuiteRunner.java:240)
	at org.testng.SuiteRunnerWorker.runSuite(SuiteRunnerWorker.java:52)
	at org.testng.SuiteRunnerWorker.run(SuiteRunnerWorker.java:86)
	at org.testng.TestNG.runSuitesSequentially(TestNG.java:1224)
	at org.testng.TestNG.runSuitesLocally(TestNG.java:1149)
	at org.testng.TestNG.run(TestNG.java:1057)
	at org.testng.remote.RemoteTestNG.run(RemoteTestNG.java:111)
	at org.testng.remote.RemoteTestNG.initAndRun(RemoteTestNG.java:204)
	at org.testng.remote.RemoteTestNG.main(RemoteTestNG.java:175)
]]>
            </full-stacktrace>
          </exception> <!-- org.testng.SkipException -->
          <reporter-output>
          </reporter-output>
        </test-method> <!-- Test12_Verify_thebulkActions_and_proofEnhancements -->
        <test-method status="PASS" signature="ControlTest()[pri:0, instance:launchAuto.PORTALSuite@b354f7e]" name="ControlTest" is-config="true" duration-ms="94" started-at="2017-09-13T02:05:31Z" finished-at="2017-09-13T02:05:31Z">
          <reporter-output>
          </reporter-output>
        </test-method> <!-- ControlTest -->
        <test-method status="SKIP" signature="Test13_Verify_TheAudit_Search_based_on_various_Search_methods()[pri:0, instance:launchAuto.PORTALSuite@b354f7e]" name="Test13_Verify_TheAudit_Search_based_on_various_Search_methods" duration-ms="0" started-at="2017-09-13T02:05:31Z" finished-at="2017-09-13T02:05:31Z">
          <exception class="org.testng.SkipException">
            <message>
              <![CDATA[Skipping Test13 - User opted to skip this test ]]>
            </message>
            <full-stacktrace>
              <![CDATA[org.testng.SkipException: Skipping Test13 - User opted to skip this test 
	at launchAuto.PORTALSuite.Test13_Verify_TheAudit_Search_based_on_various_Search_methods(PORTALSuite.java:277)
	at sun.reflect.NativeMethodAccessorImpl.invoke0(Native Method)
	at sun.reflect.NativeMethodAccessorImpl.invoke(Unknown Source)
	at sun.reflect.DelegatingMethodAccessorImpl.invoke(Unknown Source)
	at java.lang.reflect.Method.invoke(Unknown Source)
	at org.testng.internal.MethodInvocationHelper.invokeMethod(MethodInvocationHelper.java:84)
	at org.testng.internal.Invoker.invokeMethod(Invoker.java:714)
	at org.testng.internal.Invoker.invokeTestMethod(Invoker.java:901)
	at org.testng.internal.Invoker.invokeTestMethods(Invoker.java:1231)
	at org.testng.internal.TestMethodWorker.invokeTestMethods(TestMethodWorker.java:127)
	at org.testng.internal.TestMethodWorker.run(TestMethodWorker.java:111)
	at org.testng.TestRunner.privateRun(TestRunner.java:767)
	at org.testng.TestRunner.run(TestRunner.java:617)
	at org.testng.SuiteRunner.runTest(SuiteRunner.java:334)
	at org.testng.SuiteRunner.runSequentially(SuiteRunner.java:329)
	at org.testng.SuiteRunner.privateRun(SuiteRunner.java:291)
	at org.testng.SuiteRunner.run(SuiteRunner.java:240)
	at org.testng.SuiteRunnerWorker.runSuite(SuiteRunnerWorker.java:52)
	at org.testng.SuiteRunnerWorker.run(SuiteRunnerWorker.java:86)
	at org.testng.TestNG.runSuitesSequentially(TestNG.java:1224)
	at org.testng.TestNG.runSuitesLocally(TestNG.java:1149)
	at org.testng.TestNG.run(TestNG.java:1057)
	at org.testng.remote.RemoteTestNG.run(RemoteTestNG.java:111)
	at org.testng.remote.RemoteTestNG.initAndRun(RemoteTestNG.java:204)
	at org.testng.remote.RemoteTestNG.main(RemoteTestNG.java:175)
]]>
            </full-stacktrace>
          </exception> <!-- org.testng.SkipException -->
          <reporter-output>
          </reporter-output>
        </test-method> <!-- Test13_Verify_TheAudit_Search_based_on_various_Search_methods -->
        <test-method status="PASS" signature="Screenshot(org.testng.ITestResult)[pri:0, instance:launchAuto.PORTALSuite@b354f7e]" name="Screenshot" is-config="true" duration-ms="15" started-at="2017-09-13T02:05:31Z" finished-at="2017-09-13T02:05:31Z">
          <params>
            <param index="0">
              <value>
                <![CDATA[[TestResult name=Test13_Verify_TheAudit_Search_based_on_various_Search_methods status=SKIP method=PORTALSuite.Test13_Verify_TheAudit_Search_based_on_various_Search_methods()[pri:0, instance:launchAuto.PORTALSuite@b354f7e] output={null}]]]>
              </value>
            </param>
          </params>
          <reporter-output>
          </reporter-output>
        </test-method> <!-- Screenshot -->
        <test-method status="PASS" signature="ControlTest()[pri:0, instance:launchAuto.PORTALSuite@b354f7e]" name="ControlTest" is-config="true" duration-ms="93" started-at="2017-09-13T02:05:31Z" finished-at="2017-09-13T02:05:31Z">
          <reporter-output>
          </reporter-output>
        </test-method> <!-- ControlTest -->
        <test-method status="SKIP" signature="Test14_Verify_TheNegativeCases_of_AdvancedSearch_in_auditPage()[pri:0, instance:launchAuto.PORTALSuite@b354f7e]" name="Test14_Verify_TheNegativeCases_of_AdvancedSearch_in_auditPage" duration-ms="0" started-at="2017-09-13T02:05:31Z" finished-at="2017-09-13T02:05:31Z">
          <exception class="org.testng.SkipException">
            <message>
              <![CDATA[Skipping Test14 - User opted to skip this test ]]>
            </message>
            <full-stacktrace>
              <![CDATA[org.testng.SkipException: Skipping Test14 - User opted to skip this test 
	at launchAuto.PORTALSuite.Test14_Verify_TheNegativeCases_of_AdvancedSearch_in_auditPage(PORTALSuite.java:293)
	at sun.reflect.NativeMethodAccessorImpl.invoke0(Native Method)
	at sun.reflect.NativeMethodAccessorImpl.invoke(Unknown Source)
	at sun.reflect.DelegatingMethodAccessorImpl.invoke(Unknown Source)
	at java.lang.reflect.Method.invoke(Unknown Source)
	at org.testng.internal.MethodInvocationHelper.invokeMethod(MethodInvocationHelper.java:84)
	at org.testng.internal.Invoker.invokeMethod(Invoker.java:714)
	at org.testng.internal.Invoker.invokeTestMethod(Invoker.java:901)
	at org.testng.internal.Invoker.invokeTestMethods(Invoker.java:1231)
	at org.testng.internal.TestMethodWorker.invokeTestMethods(TestMethodWorker.java:127)
	at org.testng.internal.TestMethodWorker.run(TestMethodWorker.java:111)
	at org.testng.TestRunner.privateRun(TestRunner.java:767)
	at org.testng.TestRunner.run(TestRunner.java:617)
	at org.testng.SuiteRunner.runTest(SuiteRunner.java:334)
	at org.testng.SuiteRunner.runSequentially(SuiteRunner.java:329)
	at org.testng.SuiteRunner.privateRun(SuiteRunner.java:291)
	at org.testng.SuiteRunner.run(SuiteRunner.java:240)
	at org.testng.SuiteRunnerWorker.runSuite(SuiteRunnerWorker.java:52)
	at org.testng.SuiteRunnerWorker.run(SuiteRunnerWorker.java:86)
	at org.testng.TestNG.runSuitesSequentially(TestNG.java:1224)
	at org.testng.TestNG.runSuitesLocally(TestNG.java:1149)
	at org.testng.TestNG.run(TestNG.java:1057)
	at org.testng.remote.RemoteTestNG.run(RemoteTestNG.java:111)
	at org.testng.remote.RemoteTestNG.initAndRun(RemoteTestNG.java:204)
	at org.testng.remote.RemoteTestNG.main(RemoteTestNG.java:175)
]]>
            </full-stacktrace>
          </exception> <!-- org.testng.SkipException -->
          <reporter-output>
          </reporter-output>
        </test-method> <!-- Test14_Verify_TheNegativeCases_of_AdvancedSearch_in_auditPage -->
        <test-method status="PASS" signature="Screenshot(org.testng.ITestResult)[pri:0, instance:launchAuto.PORTALSuite@b354f7e]" name="Screenshot" is-config="true" duration-ms="16" started-at="2017-09-13T02:05:31Z" finished-at="2017-09-13T02:05:31Z">
          <params>
            <param index="0">
              <value>
                <![CDATA[[TestResult name=Test14_Verify_TheNegativeCases_of_AdvancedSearch_in_auditPage status=SKIP method=PORTALSuite.Test14_Verify_TheNegativeCases_of_AdvancedSearch_in_auditPage()[pri:0, instance:launchAuto.PORTALSuite@b354f7e] output={null}]]]>
              </value>
            </param>
          </params>
          <reporter-output>
          </reporter-output>
        </test-method> <!-- Screenshot -->
        <test-method status="PASS" signature="ControlTest()[pri:0, instance:launchAuto.PORTALSuite@b354f7e]" name="ControlTest" is-config="true" duration-ms="109" started-at="2017-09-13T02:05:31Z" finished-at="2017-09-13T02:05:31Z">
          <reporter-output>
          </reporter-output>
        </test-method> <!-- ControlTest -->
        <test-method status="PASS" signature="Screenshot(org.testng.ITestResult)[pri:0, instance:launchAuto.PORTALSuite@b354f7e]" name="Screenshot" is-config="true" duration-ms="31" started-at="2017-09-13T02:05:31Z" finished-at="2017-09-13T02:05:31Z">
          <params>
            <param index="0">
              <value>
                <![CDATA[[TestResult name=Test15_Verify_view_audits_withComments_and_Validating_theSame status=SKIP method=PORTALSuite.Test15_Verify_view_audits_withComments_and_Validating_theSame()[pri:0, instance:launchAuto.PORTALSuite@b354f7e] output={null}]]]>
              </value>
            </param>
          </params>
          <reporter-output>
          </reporter-output>
        </test-method> <!-- Screenshot -->
        <test-method status="SKIP" signature="Test15_Verify_view_audits_withComments_and_Validating_theSame()[pri:0, instance:launchAuto.PORTALSuite@b354f7e]" name="Test15_Verify_view_audits_withComments_and_Validating_theSame" duration-ms="0" started-at="2017-09-13T02:05:31Z" finished-at="2017-09-13T02:05:31Z">
          <exception class="org.testng.SkipException">
            <message>
              <![CDATA[Skipping Test15 - User opted to skip this test ]]>
            </message>
            <full-stacktrace>
              <![CDATA[org.testng.SkipException: Skipping Test15 - User opted to skip this test 
	at launchAuto.PORTALSuite.Test15_Verify_view_audits_withComments_and_Validating_theSame(PORTALSuite.java:309)
	at sun.reflect.NativeMethodAccessorImpl.invoke0(Native Method)
	at sun.reflect.NativeMethodAccessorImpl.invoke(Unknown Source)
	at sun.reflect.DelegatingMethodAccessorImpl.invoke(Unknown Source)
	at java.lang.reflect.Method.invoke(Unknown Source)
	at org.testng.internal.MethodInvocationHelper.invokeMethod(MethodInvocationHelper.java:84)
	at org.testng.internal.Invoker.invokeMethod(Invoker.java:714)
	at org.testng.internal.Invoker.invokeTestMethod(Invoker.java:901)
	at org.testng.internal.Invoker.invokeTestMethods(Invoker.java:1231)
	at org.testng.internal.TestMethodWorker.invokeTestMethods(TestMethodWorker.java:127)
	at org.testng.internal.TestMethodWorker.run(TestMethodWorker.java:111)
	at org.testng.TestRunner.privateRun(TestRunner.java:767)
	at org.testng.TestRunner.run(TestRunner.java:617)
	at org.testng.SuiteRunner.runTest(SuiteRunner.java:334)
	at org.testng.SuiteRunner.runSequentially(SuiteRunner.java:329)
	at org.testng.SuiteRunner.privateRun(SuiteRunner.java:291)
	at org.testng.SuiteRunner.run(SuiteRunner.java:240)
	at org.testng.SuiteRunnerWorker.runSuite(SuiteRunnerWorker.java:52)
	at org.testng.SuiteRunnerWorker.run(SuiteRunnerWorker.java:86)
	at org.testng.TestNG.runSuitesSequentially(TestNG.java:1224)
	at org.testng.TestNG.runSuitesLocally(TestNG.java:1149)
	at org.testng.TestNG.run(TestNG.java:1057)
	at org.testng.remote.RemoteTestNG.run(RemoteTestNG.java:111)
	at org.testng.remote.RemoteTestNG.initAndRun(RemoteTestNG.java:204)
	at org.testng.remote.RemoteTestNG.main(RemoteTestNG.java:175)
]]>
            </full-stacktrace>
          </exception> <!-- org.testng.SkipException -->
          <reporter-output>
          </reporter-output>
        </test-method> <!-- Test15_Verify_view_audits_withComments_and_Validating_theSame -->
        <test-method status="PASS" signature="ControlTest()[pri:0, instance:launchAuto.PORTALSuite@b354f7e]" name="ControlTest" is-config="true" duration-ms="94" started-at="2017-09-13T02:05:31Z" finished-at="2017-09-13T02:05:31Z">
          <reporter-output>
          </reporter-output>
        </test-method> <!-- ControlTest -->
        <test-method status="PASS" signature="Screenshot(org.testng.ITestResult)[pri:0, instance:launchAuto.PORTALSuite@b354f7e]" name="Screenshot" is-config="true" duration-ms="16" started-at="2017-09-13T02:05:31Z" finished-at="2017-09-13T02:05:31Z">
          <params>
            <param index="0">
              <value>
                <![CDATA[[TestResult name=Test16_Verify_theChange_in_status_of_audits status=SKIP method=PORTALSuite.Test16_Verify_theChange_in_status_of_audits()[pri:0, instance:launchAuto.PORTALSuite@b354f7e] output={null}]]]>
              </value>
            </param>
          </params>
          <reporter-output>
          </reporter-output>
        </test-method> <!-- Screenshot -->
        <test-method status="SKIP" signature="Test16_Verify_theChange_in_status_of_audits()[pri:0, instance:launchAuto.PORTALSuite@b354f7e]" name="Test16_Verify_theChange_in_status_of_audits" duration-ms="0" started-at="2017-09-13T02:05:31Z" finished-at="2017-09-13T02:05:31Z">
          <exception class="org.testng.SkipException">
            <message>
              <![CDATA[Skipping Test16 - User opted to skip this test ]]>
            </message>
            <full-stacktrace>
              <![CDATA[org.testng.SkipException: Skipping Test16 - User opted to skip this test 
	at launchAuto.PORTALSuite.Test16_Verify_theChange_in_status_of_audits(PORTALSuite.java:325)
	at sun.reflect.NativeMethodAccessorImpl.invoke0(Native Method)
	at sun.reflect.NativeMethodAccessorImpl.invoke(Unknown Source)
	at sun.reflect.DelegatingMethodAccessorImpl.invoke(Unknown Source)
	at java.lang.reflect.Method.invoke(Unknown Source)
	at org.testng.internal.MethodInvocationHelper.invokeMethod(MethodInvocationHelper.java:84)
	at org.testng.internal.Invoker.invokeMethod(Invoker.java:714)
	at org.testng.internal.Invoker.invokeTestMethod(Invoker.java:901)
	at org.testng.internal.Invoker.invokeTestMethods(Invoker.java:1231)
	at org.testng.internal.TestMethodWorker.invokeTestMethods(TestMethodWorker.java:127)
	at org.testng.internal.TestMethodWorker.run(TestMethodWorker.java:111)
	at org.testng.TestRunner.privateRun(TestRunner.java:767)
	at org.testng.TestRunner.run(TestRunner.java:617)
	at org.testng.SuiteRunner.runTest(SuiteRunner.java:334)
	at org.testng.SuiteRunner.runSequentially(SuiteRunner.java:329)
	at org.testng.SuiteRunner.privateRun(SuiteRunner.java:291)
	at org.testng.SuiteRunner.run(SuiteRunner.java:240)
	at org.testng.SuiteRunnerWorker.runSuite(SuiteRunnerWorker.java:52)
	at org.testng.SuiteRunnerWorker.run(SuiteRunnerWorker.java:86)
	at org.testng.TestNG.runSuitesSequentially(TestNG.java:1224)
	at org.testng.TestNG.runSuitesLocally(TestNG.java:1149)
	at org.testng.TestNG.run(TestNG.java:1057)
	at org.testng.remote.RemoteTestNG.run(RemoteTestNG.java:111)
	at org.testng.remote.RemoteTestNG.initAndRun(RemoteTestNG.java:204)
	at org.testng.remote.RemoteTestNG.main(RemoteTestNG.java:175)
]]>
            </full-stacktrace>
          </exception> <!-- org.testng.SkipException -->
          <reporter-output>
          </reporter-output>
        </test-method> <!-- Test16_Verify_theChange_in_status_of_audits -->
        <test-method status="PASS" signature="ControlTest()[pri:0, instance:launchAuto.PORTALSuite@b354f7e]" name="ControlTest" is-config="true" duration-ms="94" started-at="2017-09-13T02:05:31Z" finished-at="2017-09-13T02:05:31Z">
          <reporter-output>
          </reporter-output>
        </test-method> <!-- ControlTest -->
        <test-method status="SKIP" signature="Test17_Verify_the_Audit_Keys_Segments_And_AuditRules_Functionality()[pri:0, instance:launchAuto.PORTALSuite@b354f7e]" name="Test17_Verify_the_Audit_Keys_Segments_And_AuditRules_Functionality" duration-ms="0" started-at="2017-09-13T02:05:31Z" finished-at="2017-09-13T02:05:31Z">
          <exception class="org.testng.SkipException">
            <message>
              <![CDATA[Skipping Test17 - User opted to skip this test ]]>
            </message>
            <full-stacktrace>
              <![CDATA[org.testng.SkipException: Skipping Test17 - User opted to skip this test 
	at launchAuto.PORTALSuite.Test17_Verify_the_Audit_Keys_Segments_And_AuditRules_Functionality(PORTALSuite.java:341)
	at sun.reflect.NativeMethodAccessorImpl.invoke0(Native Method)
	at sun.reflect.NativeMethodAccessorImpl.invoke(Unknown Source)
	at sun.reflect.DelegatingMethodAccessorImpl.invoke(Unknown Source)
	at java.lang.reflect.Method.invoke(Unknown Source)
	at org.testng.internal.MethodInvocationHelper.invokeMethod(MethodInvocationHelper.java:84)
	at org.testng.internal.Invoker.invokeMethod(Invoker.java:714)
	at org.testng.internal.Invoker.invokeTestMethod(Invoker.java:901)
	at org.testng.internal.Invoker.invokeTestMethods(Invoker.java:1231)
	at org.testng.internal.TestMethodWorker.invokeTestMethods(TestMethodWorker.java:127)
	at org.testng.internal.TestMethodWorker.run(TestMethodWorker.java:111)
	at org.testng.TestRunner.privateRun(TestRunner.java:767)
	at org.testng.TestRunner.run(TestRunner.java:617)
	at org.testng.SuiteRunner.runTest(SuiteRunner.java:334)
	at org.testng.SuiteRunner.runSequentially(SuiteRunner.java:329)
	at org.testng.SuiteRunner.privateRun(SuiteRunner.java:291)
	at org.testng.SuiteRunner.run(SuiteRunner.java:240)
	at org.testng.SuiteRunnerWorker.runSuite(SuiteRunnerWorker.java:52)
	at org.testng.SuiteRunnerWorker.run(SuiteRunnerWorker.java:86)
	at org.testng.TestNG.runSuitesSequentially(TestNG.java:1224)
	at org.testng.TestNG.runSuitesLocally(TestNG.java:1149)
	at org.testng.TestNG.run(TestNG.java:1057)
	at org.testng.remote.RemoteTestNG.run(RemoteTestNG.java:111)
	at org.testng.remote.RemoteTestNG.initAndRun(RemoteTestNG.java:204)
	at org.testng.remote.RemoteTestNG.main(RemoteTestNG.java:175)
]]>
            </full-stacktrace>
          </exception> <!-- org.testng.SkipException -->
          <reporter-output>
          </reporter-output>
        </test-method> <!-- Test17_Verify_the_Audit_Keys_Segments_And_AuditRules_Functionality -->
        <test-method status="PASS" signature="Screenshot(org.testng.ITestResult)[pri:0, instance:launchAuto.PORTALSuite@b354f7e]" name="Screenshot" is-config="true" duration-ms="31" started-at="2017-09-13T02:05:31Z" finished-at="2017-09-13T02:05:31Z">
          <params>
            <param index="0">
              <value>
                <![CDATA[[TestResult name=Test17_Verify_the_Audit_Keys_Segments_And_AuditRules_Functionality status=SKIP method=PORTALSuite.Test17_Verify_the_Audit_Keys_Segments_And_AuditRules_Functionality()[pri:0, instance:launchAuto.PORTALSuite@b354f7e] output={null}]]]>
              </value>
            </param>
          </params>
          <reporter-output>
          </reporter-output>
        </test-method> <!-- Screenshot -->
        <test-method status="PASS" signature="ControlTest()[pri:0, instance:launchAuto.PORTALSuite@b354f7e]" name="ControlTest" is-config="true" duration-ms="94" started-at="2017-09-13T02:05:31Z" finished-at="2017-09-13T02:05:31Z">
          <reporter-output>
          </reporter-output>
        </test-method> <!-- ControlTest -->
        <test-method status="PASS" signature="Screenshot(org.testng.ITestResult)[pri:0, instance:launchAuto.PORTALSuite@b354f7e]" name="Screenshot" is-config="true" duration-ms="31" started-at="2017-09-13T02:05:31Z" finished-at="2017-09-13T02:05:31Z">
          <params>
            <param index="0">
              <value>
                <![CDATA[[TestResult name=Test18_Verify_theSimpleSearch_in_Archives status=SKIP method=PORTALSuite.Test18_Verify_theSimpleSearch_in_Archives()[pri:0, instance:launchAuto.PORTALSuite@b354f7e] output={null}]]]>
              </value>
            </param>
          </params>
          <reporter-output>
          </reporter-output>
        </test-method> <!-- Screenshot -->
        <test-method status="SKIP" signature="Test18_Verify_theSimpleSearch_in_Archives()[pri:0, instance:launchAuto.PORTALSuite@b354f7e]" name="Test18_Verify_theSimpleSearch_in_Archives" duration-ms="0" started-at="2017-09-13T02:05:31Z" finished-at="2017-09-13T02:05:31Z">
          <exception class="org.testng.SkipException">
            <message>
              <![CDATA[Skipping Test18 - User opted to skip this test ]]>
            </message>
            <full-stacktrace>
              <![CDATA[org.testng.SkipException: Skipping Test18 - User opted to skip this test 
	at launchAuto.PORTALSuite.Test18_Verify_theSimpleSearch_in_Archives(PORTALSuite.java:357)
	at sun.reflect.NativeMethodAccessorImpl.invoke0(Native Method)
	at sun.reflect.NativeMethodAccessorImpl.invoke(Unknown Source)
	at sun.reflect.DelegatingMethodAccessorImpl.invoke(Unknown Source)
	at java.lang.reflect.Method.invoke(Unknown Source)
	at org.testng.internal.MethodInvocationHelper.invokeMethod(MethodInvocationHelper.java:84)
	at org.testng.internal.Invoker.invokeMethod(Invoker.java:714)
	at org.testng.internal.Invoker.invokeTestMethod(Invoker.java:901)
	at org.testng.internal.Invoker.invokeTestMethods(Invoker.java:1231)
	at org.testng.internal.TestMethodWorker.invokeTestMethods(TestMethodWorker.java:127)
	at org.testng.internal.TestMethodWorker.run(TestMethodWorker.java:111)
	at org.testng.TestRunner.privateRun(TestRunner.java:767)
	at org.testng.TestRunner.run(TestRunner.java:617)
	at org.testng.SuiteRunner.runTest(SuiteRunner.java:334)
	at org.testng.SuiteRunner.runSequentially(SuiteRunner.java:329)
	at org.testng.SuiteRunner.privateRun(SuiteRunner.java:291)
	at org.testng.SuiteRunner.run(SuiteRunner.java:240)
	at org.testng.SuiteRunnerWorker.runSuite(SuiteRunnerWorker.java:52)
	at org.testng.SuiteRunnerWorker.run(SuiteRunnerWorker.java:86)
	at org.testng.TestNG.runSuitesSequentially(TestNG.java:1224)
	at org.testng.TestNG.runSuitesLocally(TestNG.java:1149)
	at org.testng.TestNG.run(TestNG.java:1057)
	at org.testng.remote.RemoteTestNG.run(RemoteTestNG.java:111)
	at org.testng.remote.RemoteTestNG.initAndRun(RemoteTestNG.java:204)
	at org.testng.remote.RemoteTestNG.main(RemoteTestNG.java:175)
]]>
            </full-stacktrace>
          </exception> <!-- org.testng.SkipException -->
          <reporter-output>
          </reporter-output>
        </test-method> <!-- Test18_Verify_theSimpleSearch_in_Archives -->
        <test-method status="PASS" signature="ControlTest()[pri:0, instance:launchAuto.PORTALSuite@b354f7e]" name="ControlTest" is-config="true" duration-ms="93" started-at="2017-09-13T02:05:31Z" finished-at="2017-09-13T02:05:31Z">
          <reporter-output>
          </reporter-output>
        </test-method> <!-- ControlTest -->
        <test-method status="SKIP" signature="Test19_Verify_theAdvancedSearch_in_Archives()[pri:0, instance:launchAuto.PORTALSuite@b354f7e]" name="Test19_Verify_theAdvancedSearch_in_Archives" duration-ms="0" started-at="2017-09-13T02:05:31Z" finished-at="2017-09-13T02:05:31Z">
          <exception class="org.testng.SkipException">
            <message>
              <![CDATA[Skipping Test19 - User opted to skip this test ]]>
            </message>
            <full-stacktrace>
              <![CDATA[org.testng.SkipException: Skipping Test19 - User opted to skip this test 
	at launchAuto.PORTALSuite.Test19_Verify_theAdvancedSearch_in_Archives(PORTALSuite.java:372)
	at sun.reflect.NativeMethodAccessorImpl.invoke0(Native Method)
	at sun.reflect.NativeMethodAccessorImpl.invoke(Unknown Source)
	at sun.reflect.DelegatingMethodAccessorImpl.invoke(Unknown Source)
	at java.lang.reflect.Method.invoke(Unknown Source)
	at org.testng.internal.MethodInvocationHelper.invokeMethod(MethodInvocationHelper.java:84)
	at org.testng.internal.Invoker.invokeMethod(Invoker.java:714)
	at org.testng.internal.Invoker.invokeTestMethod(Invoker.java:901)
	at org.testng.internal.Invoker.invokeTestMethods(Invoker.java:1231)
	at org.testng.internal.TestMethodWorker.invokeTestMethods(TestMethodWorker.java:127)
	at org.testng.internal.TestMethodWorker.run(TestMethodWorker.java:111)
	at org.testng.TestRunner.privateRun(TestRunner.java:767)
	at org.testng.TestRunner.run(TestRunner.java:617)
	at org.testng.SuiteRunner.runTest(SuiteRunner.java:334)
	at org.testng.SuiteRunner.runSequentially(SuiteRunner.java:329)
	at org.testng.SuiteRunner.privateRun(SuiteRunner.java:291)
	at org.testng.SuiteRunner.run(SuiteRunner.java:240)
	at org.testng.SuiteRunnerWorker.runSuite(SuiteRunnerWorker.java:52)
	at org.testng.SuiteRunnerWorker.run(SuiteRunnerWorker.java:86)
	at org.testng.TestNG.runSuitesSequentially(TestNG.java:1224)
	at org.testng.TestNG.runSuitesLocally(TestNG.java:1149)
	at org.testng.TestNG.run(TestNG.java:1057)
	at org.testng.remote.RemoteTestNG.run(RemoteTestNG.java:111)
	at org.testng.remote.RemoteTestNG.initAndRun(RemoteTestNG.java:204)
	at org.testng.remote.RemoteTestNG.main(RemoteTestNG.java:175)
]]>
            </full-stacktrace>
          </exception> <!-- org.testng.SkipException -->
          <reporter-output>
          </reporter-output>
        </test-method> <!-- Test19_Verify_theAdvancedSearch_in_Archives -->
        <test-method status="PASS" signature="Screenshot(org.testng.ITestResult)[pri:0, instance:launchAuto.PORTALSuite@b354f7e]" name="Screenshot" is-config="true" duration-ms="16" started-at="2017-09-13T02:05:31Z" finished-at="2017-09-13T02:05:31Z">
          <params>
            <param index="0">
              <value>
                <![CDATA[[TestResult name=Test19_Verify_theAdvancedSearch_in_Archives status=SKIP method=PORTALSuite.Test19_Verify_theAdvancedSearch_in_Archives()[pri:0, instance:launchAuto.PORTALSuite@b354f7e] output={null}]]]>
              </value>
            </param>
          </params>
          <reporter-output>
          </reporter-output>
        </test-method> <!-- Screenshot -->
        <test-method status="PASS" signature="ControlTest()[pri:0, instance:launchAuto.PORTALSuite@b354f7e]" name="ControlTest" is-config="true" duration-ms="109" started-at="2017-09-13T02:05:31Z" finished-at="2017-09-13T02:05:31Z">
          <reporter-output>
          </reporter-output>
        </test-method> <!-- ControlTest -->
        <test-method status="SKIP" signature="Test20_Verify_theConcatenationBeta_CombinedDocuments_inArchives()[pri:0, instance:launchAuto.PORTALSuite@b354f7e]" name="Test20_Verify_theConcatenationBeta_CombinedDocuments_inArchives" duration-ms="0" started-at="2017-09-13T02:05:31Z" finished-at="2017-09-13T02:05:31Z">
          <exception class="org.testng.SkipException">
            <message>
              <![CDATA[Skipping Test20 - User opted to skip this test ]]>
            </message>
            <full-stacktrace>
              <![CDATA[org.testng.SkipException: Skipping Test20 - User opted to skip this test 
	at launchAuto.PORTALSuite.Test20_Verify_theConcatenationBeta_CombinedDocuments_inArchives(PORTALSuite.java:387)
	at sun.reflect.NativeMethodAccessorImpl.invoke0(Native Method)
	at sun.reflect.NativeMethodAccessorImpl.invoke(Unknown Source)
	at sun.reflect.DelegatingMethodAccessorImpl.invoke(Unknown Source)
	at java.lang.reflect.Method.invoke(Unknown Source)
	at org.testng.internal.MethodInvocationHelper.invokeMethod(MethodInvocationHelper.java:84)
	at org.testng.internal.Invoker.invokeMethod(Invoker.java:714)
	at org.testng.internal.Invoker.invokeTestMethod(Invoker.java:901)
	at org.testng.internal.Invoker.invokeTestMethods(Invoker.java:1231)
	at org.testng.internal.TestMethodWorker.invokeTestMethods(TestMethodWorker.java:127)
	at org.testng.internal.TestMethodWorker.run(TestMethodWorker.java:111)
	at org.testng.TestRunner.privateRun(TestRunner.java:767)
	at org.testng.TestRunner.run(TestRunner.java:617)
	at org.testng.SuiteRunner.runTest(SuiteRunner.java:334)
	at org.testng.SuiteRunner.runSequentially(SuiteRunner.java:329)
	at org.testng.SuiteRunner.privateRun(SuiteRunner.java:291)
	at org.testng.SuiteRunner.run(SuiteRunner.java:240)
	at org.testng.SuiteRunnerWorker.runSuite(SuiteRunnerWorker.java:52)
	at org.testng.SuiteRunnerWorker.run(SuiteRunnerWorker.java:86)
	at org.testng.TestNG.runSuitesSequentially(TestNG.java:1224)
	at org.testng.TestNG.runSuitesLocally(TestNG.java:1149)
	at org.testng.TestNG.run(TestNG.java:1057)
	at org.testng.remote.RemoteTestNG.run(RemoteTestNG.java:111)
	at org.testng.remote.RemoteTestNG.initAndRun(RemoteTestNG.java:204)
	at org.testng.remote.RemoteTestNG.main(RemoteTestNG.java:175)
]]>
            </full-stacktrace>
          </exception> <!-- org.testng.SkipException -->
          <reporter-output>
          </reporter-output>
        </test-method> <!-- Test20_Verify_theConcatenationBeta_CombinedDocuments_inArchives -->
        <test-method status="PASS" signature="Screenshot(org.testng.ITestResult)[pri:0, instance:launchAuto.PORTALSuite@b354f7e]" name="Screenshot" is-config="true" duration-ms="47" started-at="2017-09-13T02:05:31Z" finished-at="2017-09-13T02:05:32Z">
          <params>
            <param index="0">
              <value>
                <![CDATA[[TestResult name=Test20_Verify_theConcatenationBeta_CombinedDocuments_inArchives status=SKIP method=PORTALSuite.Test20_Verify_theConcatenationBeta_CombinedDocuments_inArchives()[pri:0, instance:launchAuto.PORTALSuite@b354f7e] output={null}]]]>
              </value>
            </param>
          </params>
          <reporter-output>
          </reporter-output>
        </test-method> <!-- Screenshot -->
        <test-method status="PASS" signature="ControlTest()[pri:0, instance:launchAuto.PORTALSuite@b354f7e]" name="ControlTest" is-config="true" duration-ms="109" started-at="2017-09-13T02:05:32Z" finished-at="2017-09-13T02:05:32Z">
          <reporter-output>
          </reporter-output>
        </test-method> <!-- ControlTest -->
        <test-method status="PASS" signature="Screenshot(org.testng.ITestResult)[pri:0, instance:launchAuto.PORTALSuite@b354f7e]" name="Screenshot" is-config="true" duration-ms="31" started-at="2017-09-13T02:05:32Z" finished-at="2017-09-13T02:05:32Z">
          <params>
            <param index="0">
              <value>
                <![CDATA[[TestResult name=Test21_Verify_FileManagementbeta_inArchives status=SKIP method=PORTALSuite.Test21_Verify_FileManagementbeta_inArchives()[pri:0, instance:launchAuto.PORTALSuite@b354f7e] output={null}]]]>
              </value>
            </param>
          </params>
          <reporter-output>
          </reporter-output>
        </test-method> <!-- Screenshot -->
        <test-method status="SKIP" signature="Test21_Verify_FileManagementbeta_inArchives()[pri:0, instance:launchAuto.PORTALSuite@b354f7e]" name="Test21_Verify_FileManagementbeta_inArchives" duration-ms="0" started-at="2017-09-13T02:05:32Z" finished-at="2017-09-13T02:05:32Z">
          <exception class="org.testng.SkipException">
            <message>
              <![CDATA[Skipping Test21 - User opted to skip this test ]]>
            </message>
            <full-stacktrace>
              <![CDATA[org.testng.SkipException: Skipping Test21 - User opted to skip this test 
	at launchAuto.PORTALSuite.Test21_Verify_FileManagementbeta_inArchives(PORTALSuite.java:403)
	at sun.reflect.NativeMethodAccessorImpl.invoke0(Native Method)
	at sun.reflect.NativeMethodAccessorImpl.invoke(Unknown Source)
	at sun.reflect.DelegatingMethodAccessorImpl.invoke(Unknown Source)
	at java.lang.reflect.Method.invoke(Unknown Source)
	at org.testng.internal.MethodInvocationHelper.invokeMethod(MethodInvocationHelper.java:84)
	at org.testng.internal.Invoker.invokeMethod(Invoker.java:714)
	at org.testng.internal.Invoker.invokeTestMethod(Invoker.java:901)
	at org.testng.internal.Invoker.invokeTestMethods(Invoker.java:1231)
	at org.testng.internal.TestMethodWorker.invokeTestMethods(TestMethodWorker.java:127)
	at org.testng.internal.TestMethodWorker.run(TestMethodWorker.java:111)
	at org.testng.TestRunner.privateRun(TestRunner.java:767)
	at org.testng.TestRunner.run(TestRunner.java:617)
	at org.testng.SuiteRunner.runTest(SuiteRunner.java:334)
	at org.testng.SuiteRunner.runSequentially(SuiteRunner.java:329)
	at org.testng.SuiteRunner.privateRun(SuiteRunner.java:291)
	at org.testng.SuiteRunner.run(SuiteRunner.java:240)
	at org.testng.SuiteRunnerWorker.runSuite(SuiteRunnerWorker.java:52)
	at org.testng.SuiteRunnerWorker.run(SuiteRunnerWorker.java:86)
	at org.testng.TestNG.runSuitesSequentially(TestNG.java:1224)
	at org.testng.TestNG.runSuitesLocally(TestNG.java:1149)
	at org.testng.TestNG.run(TestNG.java:1057)
	at org.testng.remote.RemoteTestNG.run(RemoteTestNG.java:111)
	at org.testng.remote.RemoteTestNG.initAndRun(RemoteTestNG.java:204)
	at org.testng.remote.RemoteTestNG.main(RemoteTestNG.java:175)
]]>
            </full-stacktrace>
          </exception> <!-- org.testng.SkipException -->
          <reporter-output>
          </reporter-output>
        </test-method> <!-- Test21_Verify_FileManagementbeta_inArchives -->
        <test-method status="PASS" signature="ControlTest()[pri:0, instance:launchAuto.PORTALSuite@b354f7e]" name="ControlTest" is-config="true" duration-ms="125" started-at="2017-09-13T02:05:32Z" finished-at="2017-09-13T02:05:32Z">
          <reporter-output>
          </reporter-output>
        </test-method> <!-- ControlTest -->
        <test-method status="SKIP" signature="Test22_Verify_MessageCenter_inArchives()[pri:0, instance:launchAuto.PORTALSuite@b354f7e]" name="Test22_Verify_MessageCenter_inArchives" duration-ms="16" started-at="2017-09-13T02:05:32Z" finished-at="2017-09-13T02:05:32Z">
          <exception class="org.testng.SkipException">
            <message>
              <![CDATA[Skipping Test22 - User opted to skip this test ]]>
            </message>
            <full-stacktrace>
              <![CDATA[org.testng.SkipException: Skipping Test22 - User opted to skip this test 
	at launchAuto.PORTALSuite.Test22_Verify_MessageCenter_inArchives(PORTALSuite.java:418)
	at sun.reflect.NativeMethodAccessorImpl.invoke0(Native Method)
	at sun.reflect.NativeMethodAccessorImpl.invoke(Unknown Source)
	at sun.reflect.DelegatingMethodAccessorImpl.invoke(Unknown Source)
[...]
	at org.testng.TestNG.runSuitesLocally(TestNG.java:1149)
	at org.testng.TestNG.run(TestNG.java:1057)
	at org.testng.remote.RemoteTestNG.run(RemoteTestNG.java:111)
	at org.testng.remote.RemoteTestNG.initAndRun(RemoteTestNG.java:204)
	at org.testng.remote.RemoteTestNG.main(RemoteTestNG.java:175)
]]>
            </full-stacktrace>
          </exception> <!-- org.testng.SkipException -->
          <reporter-output>
          </reporter-output>
        </test-method> <!-- Test75_Proofs_WorkFlow_Functionality -->
        <test-method status="PASS" signature="Screenshot(org.testng.ITestResult)[pri:0, instance:launchAuto.PORTALSuite@b354f7e]" name="Screenshot" is-config="true" duration-ms="16" started-at="2017-09-13T02:25:54Z" finished-at="2017-09-13T02:25:54Z">
          <params>
            <param index="0">
              <value>
                <![CDATA[[TestResult name=Test75_Proofs_WorkFlow_Functionality status=SKIP method=PORTALSuite.Test75_Proofs_WorkFlow_Functionality()[pri:0, instance:launchAuto.PORTALSuite@b354f7e] output={null}]]]>
              </value>
            </param>
          </params>
          <reporter-output>
          </reporter-output>
        </test-method> <!-- Screenshot -->
        <test-method status="PASS" signature="ControlTest()[pri:0, instance:launchAuto.PORTALSuite@b354f7e]" name="ControlTest" is-config="true" duration-ms="109" started-at="2017-09-13T02:25:54Z" finished-at="2017-09-13T02:25:55Z">
          <reporter-output>
          </reporter-output>
        </test-method> <!-- ControlTest -->
        <test-method status="SKIP" signature="Test76_Modules_Workflow_Functionality_Under_HAAdmin()[pri:0, instance:launchAuto.PORTALSuite@b354f7e]" name="Test76_Modules_Workflow_Functionality_Under_HAAdmin" duration-ms="0" started-at="2017-09-13T02:25:55Z" finished-at="2017-09-13T02:25:55Z">
          <exception class="org.testng.SkipException">
            <message>
              <![CDATA[Skipping Test76 - User opted to skip this test ]]>
            </message>
            <full-stacktrace>
              <![CDATA[org.testng.SkipException: Skipping Test76 - User opted to skip this test 
	at launchAuto.PORTALSuite.Test76_Modules_Workflow_Functionality_Under_HAAdmin(PORTALSuite.java:1286)
	at sun.reflect.NativeMethodAccessorImpl.invoke0(Native Method)
	at sun.reflect.NativeMethodAccessorImpl.invoke(Unknown Source)
	at sun.reflect.DelegatingMethodAccessorImpl.invoke(Unknown Source)
	at java.lang.reflect.Method.invoke(Unknown Source)
	at org.testng.internal.MethodInvocationHelper.invokeMethod(MethodInvocationHelper.java:84)
	at org.testng.internal.Invoker.invokeMethod(Invoker.java:714)
	at org.testng.internal.Invoker.invokeTestMethod(Invoker.java:901)
	at org.testng.internal.Invoker.invokeTestMethods(Invoker.java:1231)
	at org.testng.internal.TestMethodWorker.invokeTestMethods(TestMethodWorker.java:127)
	at org.testng.internal.TestMethodWorker.run(TestMethodWorker.java:111)
	at org.testng.TestRunner.privateRun(TestRunner.java:767)
	at org.testng.TestRunner.run(TestRunner.java:617)
	at org.testng.SuiteRunner.runTest(SuiteRunner.java:334)
	at org.testng.SuiteRunner.runSequentially(SuiteRunner.java:329)
	at org.testng.SuiteRunner.privateRun(SuiteRunner.java:291)
	at org.testng.SuiteRunner.run(SuiteRunner.java:240)
	at org.testng.SuiteRunnerWorker.runSuite(SuiteRunnerWorker.java:52)
	at org.testng.SuiteRunnerWorker.run(SuiteRunnerWorker.java:86)
	at org.testng.TestNG.runSuitesSequentially(TestNG.java:1224)
	at org.testng.TestNG.runSuitesLocally(TestNG.java:1149)
	at org.testng.TestNG.run(TestNG.java:1057)
	at org.testng.remote.RemoteTestNG.run(RemoteTestNG.java:111)
	at org.testng.remote.RemoteTestNG.initAndRun(RemoteTestNG.java:204)
	at org.testng.remote.RemoteTestNG.main(RemoteTestNG.java:175)
]]>
            </full-stacktrace>
          </exception> <!-- org.testng.SkipException -->
          <reporter-output>
          </reporter-output>
        </test-method> <!-- Test76_Modules_Workflow_Functionality_Under_HAAdmin -->
        <test-method status="PASS" signature="Screenshot(org.testng.ITestResult)[pri:0, instance:launchAuto.PORTALSuite@b354f7e]" name="Screenshot" is-config="true" duration-ms="16" started-at="2017-09-13T02:25:55Z" finished-at="2017-09-13T02:25:55Z">
          <params>
            <param index="0">
              <value>
                <![CDATA[[TestResult name=Test76_Modules_Workflow_Functionality_Under_HAAdmin status=SKIP method=PORTALSuite.Test76_Modules_Workflow_Functionality_Under_HAAdmin()[pri:0, instance:launchAuto.PORTALSuite@b354f7e] output={null}]]]>
              </value>
            </param>
          </params>
          <reporter-output>
          </reporter-output>
        </test-method> <!-- Screenshot -->
        <test-method status="PASS" signature="ControlTest()[pri:0, instance:launchAuto.PORTALSuite@b354f7e]" name="ControlTest" is-config="true" duration-ms="93" started-at="2017-09-13T02:25:55Z" finished-at="2017-09-13T02:25:55Z">
          <reporter-output>
          </reporter-output>
        </test-method> <!-- ControlTest -->
        <test-method status="SKIP" signature="Test77_Audits_WorkFlow_Functionality()[pri:0, instance:launchAuto.PORTALSuite@b354f7e]" name="Test77_Audits_WorkFlow_Functionality" duration-ms="16" started-at="2017-09-13T02:25:55Z" finished-at="2017-09-13T02:25:55Z">
          <exception class="org.testng.SkipException">
            <message>
              <![CDATA[Skipping Test77 - User opted to skip this test ]]>
            </message>
            <full-stacktrace>
              <![CDATA[org.testng.SkipException: Skipping Test77 - User opted to skip this test 
	at launchAuto.PORTALSuite.Test77_Audits_WorkFlow_Functionality(PORTALSuite.java:1301)
	at sun.reflect.NativeMethodAccessorImpl.invoke0(Native Method)
	at sun.reflect.NativeMethodAccessorImpl.invoke(Unknown Source)
	at sun.reflect.DelegatingMethodAccessorImpl.invoke(Unknown Source)
	at java.lang.reflect.Method.invoke(Unknown Source)
	at org.testng.internal.MethodInvocationHelper.invokeMethod(MethodInvocationHelper.java:84)
	at org.testng.internal.Invoker.invokeMethod(Invoker.java:714)
	at org.testng.internal.Invoker.invokeTestMethod(Invoker.java:901)
	at org.testng.internal.Invoker.invokeTestMethods(Invoker.java:1231)
	at org.testng.internal.TestMethodWorker.invokeTestMethods(TestMethodWorker.java:127)
	at org.testng.internal.TestMethodWorker.run(TestMethodWorker.java:111)
	at org.testng.TestRunner.privateRun(TestRunner.java:767)
	at org.testng.TestRunner.run(TestRunner.java:617)
	at org.testng.SuiteRunner.runTest(SuiteRunner.java:334)
	at org.testng.SuiteRunner.runSequentially(SuiteRunner.java:329)
	at org.testng.SuiteRunner.privateRun(SuiteRunner.java:291)
	at org.testng.SuiteRunner.run(SuiteRunner.java:240)
	at org.testng.SuiteRunnerWorker.runSuite(SuiteRunnerWorker.java:52)
	at org.testng.SuiteRunnerWorker.run(SuiteRunnerWorker.java:86)
	at org.testng.TestNG.runSuitesSequentially(TestNG.java:1224)
	at org.testng.TestNG.runSuitesLocally(TestNG.java:1149)
	at org.testng.TestNG.run(TestNG.java:1057)
	at org.testng.remote.RemoteTestNG.run(RemoteTestNG.java:111)
	at org.testng.remote.RemoteTestNG.initAndRun(RemoteTestNG.java:204)
	at org.testng.remote.RemoteTestNG.main(RemoteTestNG.java:175)
]]>
            </full-stacktrace>
          </exception> <!-- org.testng.SkipException -->
          <reporter-output>
          </reporter-output>
        </test-method> <!-- Test77_Audits_WorkFlow_Functionality -->
        <test-method status="PASS" signature="Screenshot(org.testng.ITestResult)[pri:0, instance:launchAuto.PORTALSuite@b354f7e]" name="Screenshot" is-config="true" duration-ms="16" started-at="2017-09-13T02:25:55Z" finished-at="2017-09-13T02:25:55Z">
          <params>
            <param index="0">
              <value>
                <![CDATA[[TestResult name=Test77_Audits_WorkFlow_Functionality status=SKIP method=PORTALSuite.Test77_Audits_WorkFlow_Functionality()[pri:0, instance:launchAuto.PORTALSuite@b354f7e] output={null}]]]>
              </value>
            </param>
          </params>
          <reporter-output>
          </reporter-output>
        </test-method> <!-- Screenshot -->
        <test-method status="PASS" signature="ControlTest()[pri:0, instance:launchAuto.PORTALSuite@b354f7e]" name="ControlTest" is-config="true" duration-ms="93" started-at="2017-09-13T02:25:55Z" finished-at="2017-09-13T02:25:55Z">
          <reporter-output>
          </reporter-output>
        </test-method> <!-- ControlTest -->
        <test-method status="SKIP" signature="Test80_Verify_SSOscript_PDFfileOpened_whenClicking_on_Submit_withLatest_DateAndTime()[pri:0, instance:launchAuto.PORTALSuite@b354f7e]" name="Test80_Verify_SSOscript_PDFfileOpened_whenClicking_on_Submit_withLatest_DateAndTime" duration-ms="16" started-at="2017-09-13T02:25:55Z" finished-at="2017-09-13T02:25:55Z">
          <exception class="org.testng.SkipException">
            <message>
              <![CDATA[Skipping Test80 - User opted to skip this test ]]>
            </message>
            <full-stacktrace>
              <![CDATA[org.testng.SkipException: Skipping Test80 - User opted to skip this test 
	at launchAuto.PORTALSuite.Test80_Verify_SSOscript_PDFfileOpened_whenClicking_on_Submit_withLatest_DateAndTime(PORTALSuite.java:1320)
	at sun.reflect.NativeMethodAccessorImpl.invoke0(Native Method)
	at sun.reflect.NativeMethodAccessorImpl.invoke(Unknown Source)
	at sun.reflect.DelegatingMethodAccessorImpl.invoke(Unknown Source)
	at java.lang.reflect.Method.invoke(Unknown Source)
	at org.testng.internal.MethodInvocationHelper.invokeMethod(MethodInvocationHelper.java:84)
	at org.testng.internal.Invoker.invokeMethod(Invoker.java:714)
	at org.testng.internal.Invoker.invokeTestMethod(Invoker.java:901)
	at org.testng.internal.Invoker.invokeTestMethods(Invoker.java:1231)
	at org.testng.internal.TestMethodWorker.invokeTestMethods(TestMethodWorker.java:127)
	at org.testng.internal.TestMethodWorker.run(TestMethodWorker.java:111)
	at org.testng.TestRunner.privateRun(TestRunner.java:767)
	at org.testng.TestRunner.run(TestRunner.java:617)
	at org.testng.SuiteRunner.runTest(SuiteRunner.java:334)
	at org.testng.SuiteRunner.runSequentially(SuiteRunner.java:329)
	at org.testng.SuiteRunner.privateRun(SuiteRunner.java:291)
	at org.testng.SuiteRunner.run(SuiteRunner.java:240)
	at org.testng.SuiteRunnerWorker.runSuite(SuiteRunnerWorker.java:52)
	at org.testng.SuiteRunnerWorker.run(SuiteRunnerWorker.java:86)
	at org.testng.TestNG.runSuitesSequentially(TestNG.java:1224)
	at org.testng.TestNG.runSuitesLocally(TestNG.java:1149)
	at org.testng.TestNG.run(TestNG.java:1057)
	at org.testng.remote.RemoteTestNG.run(RemoteTestNG.java:111)
	at org.testng.remote.RemoteTestNG.initAndRun(RemoteTestNG.java:204)
	at org.testng.remote.RemoteTestNG.main(RemoteTestNG.java:175)
]]>
            </full-stacktrace>
          </exception> <!-- org.testng.SkipException -->
          <reporter-output>
          </reporter-output>
        </test-method> <!-- Test80_Verify_SSOscript_PDFfileOpened_whenClicking_on_Submit_withLatest_DateAndTime -->
        <test-method status="PASS" signature="ControlTest()[pri:0, instance:launchAuto.PORTALSuite@b354f7e]" name="ControlTest" is-config="true" duration-ms="109" started-at="2017-09-13T02:25:55Z" finished-at="2017-09-13T02:25:55Z">
          <reporter-output>
          </reporter-output>
        </test-method> <!-- ControlTest -->
        <test-method status="PASS" signature="Screenshot(org.testng.ITestResult)[pri:0, instance:launchAuto.PORTALSuite@b354f7e]" name="Screenshot" is-config="true" duration-ms="0" started-at="2017-09-13T02:25:55Z" finished-at="2017-09-13T02:25:55Z">
          <params>
            <param index="0">
              <value>
                <![CDATA[[TestResult name=Test80_Verify_SSOscript_PDFfileOpened_whenClicking_on_Submit_withLatest_DateAndTime status=SKIP method=PORTALSuite.Test80_Verify_SSOscript_PDFfileOpened_whenClicking_on_Submit_withLatest_DateAndTime()[pri:0, instance:launchAuto.PORTALSuite@b354f7e] output={null}]]]>
              </value>
            </param>
          </params>
          <reporter-output>
          </reporter-output>
        </test-method> <!-- Screenshot -->
        <test-method status="PASS" signature="Screenshot(org.testng.ITestResult)[pri:0, instance:launchAuto.PORTALSuite@b354f7e]" name="Screenshot" is-config="true" duration-ms="16" started-at="2017-09-13T02:25:55Z" finished-at="2017-09-13T02:25:55Z">
          <params>
            <param index="0">
              <value>
                <![CDATA[[TestResult name=Test81_Verify_SSOscript_XMLRenamed_From_aspx_AfterClicking_on_Submit_withLatest_DateAndTime status=SKIP method=PORTALSuite.Test81_Verify_SSOscript_XMLRenamed_From_aspx_AfterClicking_on_Submit_withLatest_DateAndTime()[pri:0, instance:launchAuto.PORTALSuite@b354f7e] output={null}]]]>
              </value>
            </param>
          </params>
          <reporter-output>
          </reporter-output>
        </test-method> <!-- Screenshot -->
        <test-method status="SKIP" signature="Test81_Verify_SSOscript_XMLRenamed_From_aspx_AfterClicking_on_Submit_withLatest_DateAndTime()[pri:0, instance:launchAuto.PORTALSuite@b354f7e]" name="Test81_Verify_SSOscript_XMLRenamed_From_aspx_AfterClicking_on_Submit_withLatest_DateAndTime" duration-ms="0" started-at="2017-09-13T02:25:55Z" finished-at="2017-09-13T02:25:55Z">
          <exception class="org.testng.SkipException">
            <message>
              <![CDATA[Skipping Test81 - User opted to skip this test ]]>
            </message>
            <full-stacktrace>
              <![CDATA[org.testng.SkipException: Skipping Test81 - User opted to skip this test 
	at launchAuto.PORTALSuite.Test81_Verify_SSOscript_XMLRenamed_From_aspx_AfterClicking_on_Submit_withLatest_DateAndTime(PORTALSuite.java:1336)
	at sun.reflect.NativeMethodAccessorImpl.invoke0(Native Method)
	at sun.reflect.NativeMethodAccessorImpl.invoke(Unknown Source)
	at sun.reflect.DelegatingMethodAccessorImpl.invoke(Unknown Source)
	at java.lang.reflect.Method.invoke(Unknown Source)
	at org.testng.internal.MethodInvocationHelper.invokeMethod(MethodInvocationHelper.java:84)
	at org.testng.internal.Invoker.invokeMethod(Invoker.java:714)
	at org.testng.internal.Invoker.invokeTestMethod(Invoker.java:901)
	at org.testng.internal.Invoker.invokeTestMethods(Invoker.java:1231)
	at org.testng.internal.TestMethodWorker.invokeTestMethods(TestMethodWorker.java:127)
	at org.testng.internal.TestMethodWorker.run(TestMethodWorker.java:111)
	at org.testng.TestRunner.privateRun(TestRunner.java:767)
	at org.testng.TestRunner.run(TestRunner.java:617)
	at org.testng.SuiteRunner.runTest(SuiteRunner.java:334)
	at org.testng.SuiteRunner.runSequentially(SuiteRunner.java:329)
	at org.testng.SuiteRunner.privateRun(SuiteRunner.java:291)
	at org.testng.SuiteRunner.run(SuiteRunner.java:240)
	at org.testng.SuiteRunnerWorker.runSuite(SuiteRunnerWorker.java:52)
	at org.testng.SuiteRunnerWorker.run(SuiteRunnerWorker.java:86)
	at org.testng.TestNG.runSuitesSequentially(TestNG.java:1224)
	at org.testng.TestNG.runSuitesLocally(TestNG.java:1149)
	at org.testng.TestNG.run(TestNG.java:1057)
	at org.testng.remote.RemoteTestNG.run(RemoteTestNG.java:111)
	at org.testng.remote.RemoteTestNG.initAndRun(RemoteTestNG.java:204)
	at org.testng.remote.RemoteTestNG.main(RemoteTestNG.java:175)
]]>
            </full-stacktrace>
          </exception> <!-- org.testng.SkipException -->
          <reporter-output>
          </reporter-output>
        </test-method> <!-- Test81_Verify_SSOscript_XMLRenamed_From_aspx_AfterClicking_on_Submit_withLatest_DateAndTime -->
        <test-method status="PASS" signature="ControlTest()[pri:0, instance:launchAuto.PORTALSuite@b354f7e]" name="ControlTest" is-config="true" duration-ms="124" started-at="2017-09-13T02:25:55Z" finished-at="2017-09-13T02:25:55Z">
          <reporter-output>
          </reporter-output>
        </test-method> <!-- ControlTest -->
        <test-method status="SKIP" signature="Test82_Verify_SSOscript_PDFfileOpened_whenClicking_onViewPDFLink_AfterClicking_on_Submit_withLatest_DateAndTime()[pri:0, instance:launchAuto.PORTALSuite@b354f7e]" name="Test82_Verify_SSOscript_PDFfileOpened_whenClicking_onViewPDFLink_AfterClicking_on_Submit_withLatest_DateAndTime" duration-ms="0" started-at="2017-09-13T02:25:55Z" finished-at="2017-09-13T02:25:55Z">
          <exception class="org.testng.SkipException">
            <message>
              <![CDATA[Skipping Test82 - User opted to skip this test ]]>
            </message>
            <full-stacktrace>
              <![CDATA[org.testng.SkipException: Skipping Test82 - User opted to skip this test 
	at launchAuto.PORTALSuite.Test82_Verify_SSOscript_PDFfileOpened_whenClicking_onViewPDFLink_AfterClicking_on_Submit_withLatest_DateAndTime(PORTALSuite.java:1352)
	at sun.reflect.NativeMethodAccessorImpl.invoke0(Native Method)
	at sun.reflect.NativeMethodAccessorImpl.invoke(Unknown Source)
	at sun.reflect.DelegatingMethodAccessorImpl.invoke(Unknown Source)
	at java.lang.reflect.Method.invoke(Unknown Source)
	at org.testng.internal.MethodInvocationHelper.invokeMethod(MethodInvocationHelper.java:84)
	at org.testng.internal.Invoker.invokeMethod(Invoker.java:714)
	at org.testng.internal.Invoker.invokeTestMethod(Invoker.java:901)
	at org.testng.internal.Invoker.invokeTestMethods(Invoker.java:1231)
	at org.testng.internal.TestMethodWorker.invokeTestMethods(TestMethodWorker.java:127)
	at org.testng.internal.TestMethodWorker.run(TestMethodWorker.java:111)
	at org.testng.TestRunner.privateRun(TestRunner.java:767)
	at org.testng.TestRunner.run(TestRunner.java:617)
	at org.testng.SuiteRunner.runTest(SuiteRunner.java:334)
	at org.testng.SuiteRunner.runSequentially(SuiteRunner.java:329)
	at org.testng.SuiteRunner.privateRun(SuiteRunner.java:291)
	at org.testng.SuiteRunner.run(SuiteRunner.java:240)
	at org.testng.SuiteRunnerWorker.runSuite(SuiteRunnerWorker.java:52)
	at org.testng.SuiteRunnerWorker.run(SuiteRunnerWorker.java:86)
	at org.testng.TestNG.runSuitesSequentially(TestNG.java:1224)
	at org.testng.TestNG.runSuitesLocally(TestNG.java:1149)
	at org.testng.TestNG.run(TestNG.java:1057)
	at org.testng.remote.RemoteTestNG.run(RemoteTestNG.java:111)
	at org.testng.remote.RemoteTestNG.initAndRun(RemoteTestNG.java:204)
	at org.testng.remote.RemoteTestNG.main(RemoteTestNG.java:175)
]]>
            </full-stacktrace>
          </exception> <!-- org.testng.SkipException -->
          <reporter-output>
          </reporter-output>
        </test-method> <!-- Test82_Verify_SSOscript_PDFfileOpened_whenClicking_onViewPDFLink_AfterClicking_on_Submit_withLatest_DateAndTime -->
        <test-method status="PASS" signature="Screenshot(org.testng.ITestResult)[pri:0, instance:launchAuto.PORTALSuite@b354f7e]" name="Screenshot" is-config="true" duration-ms="16" started-at="2017-09-13T02:25:55Z" finished-at="2017-09-13T02:25:55Z">
          <params>
            <param index="0">
              <value>
                <![CDATA[[TestResult name=Test82_Verify_SSOscript_PDFfileOpened_whenClicking_onViewPDFLink_AfterClicking_on_Submit_withLatest_DateAndTime status=SKIP method=PORTALSuite.Test82_Verify_SSOscript_PDFfileOpened_whenClicking_onViewPDFLink_AfterClicking_on_Submit_withLatest_DateAndTime()[pri:0, instance:launchAuto.PORTALSuite@b354f7e] output={null}]]]>
              </value>
            </param>
          </params>
          <reporter-output>
          </reporter-output>
        </test-method> <!-- Screenshot -->
      </class> <!-- launchAuto.PORTALSuite -->
    </test> <!-- Default test -->
  </suite> <!-- Default suite -->
</testng-results>
